The system is: Linux - 4.15.0-134-generic - x86_64
Compiling the CXX compiler identification source file "CMakeCXXCompilerId.cpp" succeeded.
Compiler: /usr/bin/c++ 
Build flags: 
Id flags:  

The output was:
0


Compilation of the CXX compiler identification source "CMakeCXXCompilerId.cpp" produced "a.out"

The CXX compiler identification is GNU, found in "/home/k8smaster/github/tools/yolov3/bash_scripts/build/CMakeFiles/3.10.2/CompilerIdCXX/a.out"

Compiling the C compiler identification source file "CMakeCCompilerId.c" succeeded.
Compiler: /usr/bin/cc 
Build flags: 
Id flags:  

The output was:
0


Compilation of the C compiler identification source "CMakeCCompilerId.c" produced "a.out"

The C compiler identification is GNU, found in "/home/k8smaster/github/tools/yolov3/bash_scripts/build/CMakeFiles/3.10.2/CompilerIdC/a.out"

Determining if the CXX compiler works passed with the following output:
Change Dir: /home/k8smaster/github/tools/yolov3/bash_scripts/build/CMakeFiles/CMakeTmp

Run Build Command:"/usr/bin/make" "cmTC_b318d/fast"
/usr/bin/make -f CMakeFiles/cmTC_b318d.dir/build.make CMakeFiles/cmTC_b318d.dir/build
make[1]: 디렉터리 '/home/k8smaster/github/tools/yolov3/bash_scripts/build/CMakeFiles/CMakeTmp' 들어감
Building CXX object CMakeFiles/cmTC_b318d.dir/testCXXCompiler.cxx.o
/usr/bin/c++    -fPIE   -o CMakeFiles/cmTC_b318d.dir/testCXXCompiler.cxx.o -c /home/k8smaster/github/tools/yolov3/bash_scripts/build/CMakeFiles/CMakeTmp/testCXXCompiler.cxx
Linking CXX executable cmTC_b318d
/usr/bin/cmake -E cmake_link_script CMakeFiles/cmTC_b318d.dir/link.txt --verbose=1
/usr/bin/c++       CMakeFiles/cmTC_b318d.dir/testCXXCompiler.cxx.o  -o cmTC_b318d 
make[1]: 디렉터리 '/home/k8smaster/github/tools/yolov3/bash_scripts/build/CMakeFiles/CMakeTmp' 나감


Detecting CXX compiler ABI info compiled with the following output:
Change Dir: /home/k8smaster/github/tools/yolov3/bash_scripts/build/CMakeFiles/CMakeTmp

Run Build Command:"/usr/bin/make" "cmTC_a1ad5/fast"
/usr/bin/make -f CMakeFiles/cmTC_a1ad5.dir/build.make CMakeFiles/cmTC_a1ad5.dir/build
make[1]: 디렉터리 '/home/k8smaster/github/tools/yolov3/bash_scripts/build/CMakeFiles/CMakeTmp' 들어감
Building CXX object CMakeFiles/cmTC_a1ad5.dir/CMakeCXXCompilerABI.cpp.o
/usr/bin/c++    -fPIE   -o CMakeFiles/cmTC_a1ad5.dir/CMakeCXXCompilerABI.cpp.o -c /usr/share/cmake-3.10/Modules/CMakeCXXCompilerABI.cpp
Linking CXX executable cmTC_a1ad5
/usr/bin/cmake -E cmake_link_script CMakeFiles/cmTC_a1ad5.dir/link.txt --verbose=1
/usr/bin/c++      -v CMakeFiles/cmTC_a1ad5.dir/CMakeCXXCompilerABI.cpp.o  -o cmTC_a1ad5 
Using built-in specs.
COLLECT_GCC=/usr/bin/c++
COLLECT_LTO_WRAPPER=/usr/lib/gcc/x86_64-linux-gnu/7/lto-wrapper
OFFLOAD_TARGET_NAMES=nvptx-none
OFFLOAD_TARGET_DEFAULT=1
Target: x86_64-linux-gnu
Configured with: ../src/configure -v --with-pkgversion='Ubuntu 7.5.0-3ubuntu1~18.04' --with-bugurl=file:///usr/share/doc/gcc-7/README.Bugs --enable-languages=c,ada,c++,go,brig,d,fortran,objc,obj-c++ --prefix=/usr --with-gcc-major-version-only --program-suffix=-7 --program-prefix=x86_64-linux-gnu- --enable-shared --enable-linker-build-id --libexecdir=/usr/lib --without-included-gettext --enable-threads=posix --libdir=/usr/lib --enable-nls --enable-bootstrap --enable-clocale=gnu --enable-libstdcxx-debug --enable-libstdcxx-time=yes --with-default-libstdcxx-abi=new --enable-gnu-unique-object --disable-vtable-verify --enable-libmpx --enable-plugin --enable-default-pie --with-system-zlib --with-target-system-zlib --enable-objc-gc=auto --enable-multiarch --disable-werror --with-arch-32=i686 --with-abi=m64 --with-multilib-list=m32,m64,mx32 --enable-multilib --with-tune=generic --enable-offload-targets=nvptx-none --without-cuda-driver --enable-checking=release --build=x86_64-linux-gnu --host=x86_64-linux-gnu --target=x86_64-linux-gnu
Thread model: posix
gcc version 7.5.0 (Ubuntu 7.5.0-3ubuntu1~18.04) 
COMPILER_PATH=/usr/lib/gcc/x86_64-linux-gnu/7/:/usr/lib/gcc/x86_64-linux-gnu/7/:/usr/lib/gcc/x86_64-linux-gnu/:/usr/lib/gcc/x86_64-linux-gnu/7/:/usr/lib/gcc/x86_64-linux-gnu/
LIBRARY_PATH=/usr/lib/gcc/x86_64-linux-gnu/7/:/usr/lib/gcc/x86_64-linux-gnu/7/../../../x86_64-linux-gnu/:/usr/lib/gcc/x86_64-linux-gnu/7/../../../../lib/:/lib/x86_64-linux-gnu/:/lib/../lib/:/usr/lib/x86_64-linux-gnu/:/usr/lib/../lib/:/usr/lib/gcc/x86_64-linux-gnu/7/../../../:/lib/:/usr/lib/
COLLECT_GCC_OPTIONS='-v' '-o' 'cmTC_a1ad5' '-shared-libgcc' '-mtune=generic' '-march=x86-64'
 /usr/lib/gcc/x86_64-linux-gnu/7/collect2 -plugin /usr/lib/gcc/x86_64-linux-gnu/7/liblto_plugin.so -plugin-opt=/usr/lib/gcc/x86_64-linux-gnu/7/lto-wrapper -plugin-opt=-fresolution=/tmp/ccQbJpBR.res -plugin-opt=-pass-through=-lgcc_s -plugin-opt=-pass-through=-lgcc -plugin-opt=-pass-through=-lc -plugin-opt=-pass-through=-lgcc_s -plugin-opt=-pass-through=-lgcc --build-id --eh-frame-hdr -m elf_x86_64 --hash-style=gnu --as-needed -dynamic-linker /lib64/ld-linux-x86-64.so.2 -pie -z now -z relro -o cmTC_a1ad5 /usr/lib/gcc/x86_64-linux-gnu/7/../../../x86_64-linux-gnu/Scrt1.o /usr/lib/gcc/x86_64-linux-gnu/7/../../../x86_64-linux-gnu/crti.o /usr/lib/gcc/x86_64-linux-gnu/7/crtbeginS.o -L/usr/lib/gcc/x86_64-linux-gnu/7 -L/usr/lib/gcc/x86_64-linux-gnu/7/../../../x86_64-linux-gnu -L/usr/lib/gcc/x86_64-linux-gnu/7/../../../../lib -L/lib/x86_64-linux-gnu -L/lib/../lib -L/usr/lib/x86_64-linux-gnu -L/usr/lib/../lib -L/usr/lib/gcc/x86_64-linux-gnu/7/../../.. CMakeFiles/cmTC_a1ad5.dir/CMakeCXXCompilerABI.cpp.o -lstdc++ -lm -lgcc_s -lgcc -lc -lgcc_s -lgcc /usr/lib/gcc/x86_64-linux-gnu/7/crtendS.o /usr/lib/gcc/x86_64-linux-gnu/7/../../../x86_64-linux-gnu/crtn.o
COLLECT_GCC_OPTIONS='-v' '-o' 'cmTC_a1ad5' '-shared-libgcc' '-mtune=generic' '-march=x86-64'
make[1]: 디렉터리 '/home/k8smaster/github/tools/yolov3/bash_scripts/build/CMakeFiles/CMakeTmp' 나감


Parsed CXX implicit link information from above output:
  link line regex: [^( *|.*[/\])(ld|CMAKE_LINK_STARTFILE-NOTFOUND|([^/\]+-)?ld|collect2)[^/\]*( |$)]
  ignore line: [Change Dir: /home/k8smaster/github/tools/yolov3/bash_scripts/build/CMakeFiles/CMakeTmp]
  ignore line: []
  ignore line: [Run Build Command:"/usr/bin/make" "cmTC_a1ad5/fast"]
  ignore line: [/usr/bin/make -f CMakeFiles/cmTC_a1ad5.dir/build.make CMakeFiles/cmTC_a1ad5.dir/build]
  ignore line: [make[1]: 디렉터리 '/home/k8smaster/github/tools/yolov3/bash_scripts/build/CMakeFiles/CMakeTmp' 들어감]
  ignore line: [Building CXX object CMakeFiles/cmTC_a1ad5.dir/CMakeCXXCompilerABI.cpp.o]
  ignore line: [/usr/bin/c++    -fPIE   -o CMakeFiles/cmTC_a1ad5.dir/CMakeCXXCompilerABI.cpp.o -c /usr/share/cmake-3.10/Modules/CMakeCXXCompilerABI.cpp]
  ignore line: [Linking CXX executable cmTC_a1ad5]
  ignore line: [/usr/bin/cmake -E cmake_link_script CMakeFiles/cmTC_a1ad5.dir/link.txt --verbose=1]
  ignore line: [/usr/bin/c++      -v CMakeFiles/cmTC_a1ad5.dir/CMakeCXXCompilerABI.cpp.o  -o cmTC_a1ad5 ]
  ignore line: [Using built-in specs.]
  ignore line: [COLLECT_GCC=/usr/bin/c++]
  ignore line: [COLLECT_LTO_WRAPPER=/usr/lib/gcc/x86_64-linux-gnu/7/lto-wrapper]
  ignore line: [OFFLOAD_TARGET_NAMES=nvptx-none]
  ignore line: [OFFLOAD_TARGET_DEFAULT=1]
  ignore line: [Target: x86_64-linux-gnu]
  ignore line: [Configured with: ../src/configure -v --with-pkgversion='Ubuntu 7.5.0-3ubuntu1~18.04' --with-bugurl=file:///usr/share/doc/gcc-7/README.Bugs --enable-languages=c,ada,c++,go,brig,d,fortran,objc,obj-c++ --prefix=/usr --with-gcc-major-version-only --program-suffix=-7 --program-prefix=x86_64-linux-gnu- --enable-shared --enable-linker-build-id --libexecdir=/usr/lib --without-included-gettext --enable-threads=posix --libdir=/usr/lib --enable-nls --enable-bootstrap --enable-clocale=gnu --enable-libstdcxx-debug --enable-libstdcxx-time=yes --with-default-libstdcxx-abi=new --enable-gnu-unique-object --disable-vtable-verify --enable-libmpx --enable-plugin --enable-default-pie --with-system-zlib --with-target-system-zlib --enable-objc-gc=auto --enable-multiarch --disable-werror --with-arch-32=i686 --with-abi=m64 --with-multilib-list=m32,m64,mx32 --enable-multilib --with-tune=generic --enable-offload-targets=nvptx-none --without-cuda-driver --enable-checking=release --build=x86_64-linux-gnu --host=x86_64-linux-gnu --target=x86_64-linux-gnu]
  ignore line: [Thread model: posix]
  ignore line: [gcc version 7.5.0 (Ubuntu 7.5.0-3ubuntu1~18.04) ]
  ignore line: [COMPILER_PATH=/usr/lib/gcc/x86_64-linux-gnu/7/:/usr/lib/gcc/x86_64-linux-gnu/7/:/usr/lib/gcc/x86_64-linux-gnu/:/usr/lib/gcc/x86_64-linux-gnu/7/:/usr/lib/gcc/x86_64-linux-gnu/]
  ignore line: [LIBRARY_PATH=/usr/lib/gcc/x86_64-linux-gnu/7/:/usr/lib/gcc/x86_64-linux-gnu/7/../../../x86_64-linux-gnu/:/usr/lib/gcc/x86_64-linux-gnu/7/../../../../lib/:/lib/x86_64-linux-gnu/:/lib/../lib/:/usr/lib/x86_64-linux-gnu/:/usr/lib/../lib/:/usr/lib/gcc/x86_64-linux-gnu/7/../../../:/lib/:/usr/lib/]
  ignore line: [COLLECT_GCC_OPTIONS='-v' '-o' 'cmTC_a1ad5' '-shared-libgcc' '-mtune=generic' '-march=x86-64']
  link line: [ /usr/lib/gcc/x86_64-linux-gnu/7/collect2 -plugin /usr/lib/gcc/x86_64-linux-gnu/7/liblto_plugin.so -plugin-opt=/usr/lib/gcc/x86_64-linux-gnu/7/lto-wrapper -plugin-opt=-fresolution=/tmp/ccQbJpBR.res -plugin-opt=-pass-through=-lgcc_s -plugin-opt=-pass-through=-lgcc -plugin-opt=-pass-through=-lc -plugin-opt=-pass-through=-lgcc_s -plugin-opt=-pass-through=-lgcc --build-id --eh-frame-hdr -m elf_x86_64 --hash-style=gnu --as-needed -dynamic-linker /lib64/ld-linux-x86-64.so.2 -pie -z now -z relro -o cmTC_a1ad5 /usr/lib/gcc/x86_64-linux-gnu/7/../../../x86_64-linux-gnu/Scrt1.o /usr/lib/gcc/x86_64-linux-gnu/7/../../../x86_64-linux-gnu/crti.o /usr/lib/gcc/x86_64-linux-gnu/7/crtbeginS.o -L/usr/lib/gcc/x86_64-linux-gnu/7 -L/usr/lib/gcc/x86_64-linux-gnu/7/../../../x86_64-linux-gnu -L/usr/lib/gcc/x86_64-linux-gnu/7/../../../../lib -L/lib/x86_64-linux-gnu -L/lib/../lib -L/usr/lib/x86_64-linux-gnu -L/usr/lib/../lib -L/usr/lib/gcc/x86_64-linux-gnu/7/../../.. CMakeFiles/cmTC_a1ad5.dir/CMakeCXXCompilerABI.cpp.o -lstdc++ -lm -lgcc_s -lgcc -lc -lgcc_s -lgcc /usr/lib/gcc/x86_64-linux-gnu/7/crtendS.o /usr/lib/gcc/x86_64-linux-gnu/7/../../../x86_64-linux-gnu/crtn.o]
    arg [/usr/lib/gcc/x86_64-linux-gnu/7/collect2] ==> ignore
    arg [-plugin] ==> ignore
    arg [/usr/lib/gcc/x86_64-linux-gnu/7/liblto_plugin.so] ==> ignore
    arg [-plugin-opt=/usr/lib/gcc/x86_64-linux-gnu/7/lto-wrapper] ==> ignore
    arg [-plugin-opt=-fresolution=/tmp/ccQbJpBR.res] ==> ignore
    arg [-plugin-opt=-pass-through=-lgcc_s] ==> ignore
    arg [-plugin-opt=-pass-through=-lgcc] ==> ignore
    arg [-plugin-opt=-pass-through=-lc] ==> ignore
    arg [-plugin-opt=-pass-through=-lgcc_s] ==> ignore
    arg [-plugin-opt=-pass-through=-lgcc] ==> ignore
    arg [--build-id] ==> ignore
    arg [--eh-frame-hdr] ==> ignore
    arg [-m] ==> ignore
    arg [elf_x86_64] ==> ignore
    arg [--hash-style=gnu] ==> ignore
    arg [--as-needed] ==> ignore
    arg [-dynamic-linker] ==> ignore
    arg [/lib64/ld-linux-x86-64.so.2] ==> ignore
    arg [-pie] ==> ignore
    arg [-znow] ==> ignore
    arg [-zrelro] ==> ignore
    arg [-o] ==> ignore
    arg [cmTC_a1ad5] ==> ignore
    arg [/usr/lib/gcc/x86_64-linux-gnu/7/../../../x86_64-linux-gnu/Scrt1.o] ==> ignore
    arg [/usr/lib/gcc/x86_64-linux-gnu/7/../../../x86_64-linux-gnu/crti.o] ==> ignore
    arg [/usr/lib/gcc/x86_64-linux-gnu/7/crtbeginS.o] ==> ignore
    arg [-L/usr/lib/gcc/x86_64-linux-gnu/7] ==> dir [/usr/lib/gcc/x86_64-linux-gnu/7]
    arg [-L/usr/lib/gcc/x86_64-linux-gnu/7/../../../x86_64-linux-gnu] ==> dir [/usr/lib/gcc/x86_64-linux-gnu/7/../../../x86_64-linux-gnu]
    arg [-L/usr/lib/gcc/x86_64-linux-gnu/7/../../../../lib] ==> dir [/usr/lib/gcc/x86_64-linux-gnu/7/../../../../lib]
    arg [-L/lib/x86_64-linux-gnu] ==> dir [/lib/x86_64-linux-gnu]
    arg [-L/lib/../lib] ==> dir [/lib/../lib]
    arg [-L/usr/lib/x86_64-linux-gnu] ==> dir [/usr/lib/x86_64-linux-gnu]
    arg [-L/usr/lib/../lib] ==> dir [/usr/lib/../lib]
    arg [-L/usr/lib/gcc/x86_64-linux-gnu/7/../../..] ==> dir [/usr/lib/gcc/x86_64-linux-gnu/7/../../..]
    arg [CMakeFiles/cmTC_a1ad5.dir/CMakeCXXCompilerABI.cpp.o] ==> ignore
    arg [-lstdc++] ==> lib [stdc++]
    arg [-lm] ==> lib [m]
    arg [-lgcc_s] ==> lib [gcc_s]
    arg [-lgcc] ==> lib [gcc]
    arg [-lc] ==> lib [c]
    arg [-lgcc_s] ==> lib [gcc_s]
    arg [-lgcc] ==> lib [gcc]
    arg [/usr/lib/gcc/x86_64-linux-gnu/7/crtendS.o] ==> ignore
    arg [/usr/lib/gcc/x86_64-linux-gnu/7/../../../x86_64-linux-gnu/crtn.o] ==> ignore
  collapse library dir [/usr/lib/gcc/x86_64-linux-gnu/7] ==> [/usr/lib/gcc/x86_64-linux-gnu/7]
  collapse library dir [/usr/lib/gcc/x86_64-linux-gnu/7/../../../x86_64-linux-gnu] ==> [/usr/lib/x86_64-linux-gnu]
  collapse library dir [/usr/lib/gcc/x86_64-linux-gnu/7/../../../../lib] ==> [/usr/lib]
  collapse library dir [/lib/x86_64-linux-gnu] ==> [/lib/x86_64-linux-gnu]
  collapse library dir [/lib/../lib] ==> [/lib]
  collapse library dir [/usr/lib/x86_64-linux-gnu] ==> [/usr/lib/x86_64-linux-gnu]
  collapse library dir [/usr/lib/../lib] ==> [/usr/lib]
  collapse library dir [/usr/lib/gcc/x86_64-linux-gnu/7/../../..] ==> [/usr/lib]
  implicit libs: [stdc++;m;gcc_s;gcc;c;gcc_s;gcc]
  implicit dirs: [/usr/lib/gcc/x86_64-linux-gnu/7;/usr/lib/x86_64-linux-gnu;/usr/lib;/lib/x86_64-linux-gnu;/lib]
  implicit fwks: []




Detecting CXX [-std=c++1z] compiler features compiled with the following output:
Change Dir: /home/k8smaster/github/tools/yolov3/bash_scripts/build/CMakeFiles/CMakeTmp

Run Build Command:"/usr/bin/make" "cmTC_814e2/fast"
/usr/bin/make -f CMakeFiles/cmTC_814e2.dir/build.make CMakeFiles/cmTC_814e2.dir/build
make[1]: 디렉터리 '/home/k8smaster/github/tools/yolov3/bash_scripts/build/CMakeFiles/CMakeTmp' 들어감
Building CXX object CMakeFiles/cmTC_814e2.dir/feature_tests.cxx.o
/usr/bin/c++    -fPIE   -std=c++1z -o CMakeFiles/cmTC_814e2.dir/feature_tests.cxx.o -c /home/k8smaster/github/tools/yolov3/bash_scripts/build/CMakeFiles/feature_tests.cxx
Linking CXX executable cmTC_814e2
/usr/bin/cmake -E cmake_link_script CMakeFiles/cmTC_814e2.dir/link.txt --verbose=1
/usr/bin/c++       CMakeFiles/cmTC_814e2.dir/feature_tests.cxx.o  -o cmTC_814e2 
make[1]: 디렉터리 '/home/k8smaster/github/tools/yolov3/bash_scripts/build/CMakeFiles/CMakeTmp' 나감


    Feature record: CXX_FEATURE:1cxx_aggregate_default_initializers
    Feature record: CXX_FEATURE:1cxx_alias_templates
    Feature record: CXX_FEATURE:1cxx_alignas
    Feature record: CXX_FEATURE:1cxx_alignof
    Feature record: CXX_FEATURE:1cxx_attributes
    Feature record: CXX_FEATURE:1cxx_attribute_deprecated
    Feature record: CXX_FEATURE:1cxx_auto_type
    Feature record: CXX_FEATURE:1cxx_binary_literals
    Feature record: CXX_FEATURE:1cxx_constexpr
    Feature record: CXX_FEATURE:1cxx_contextual_conversions
    Feature record: CXX_FEATURE:1cxx_decltype
    Feature record: CXX_FEATURE:1cxx_decltype_auto
    Feature record: CXX_FEATURE:1cxx_decltype_incomplete_return_types
    Feature record: CXX_FEATURE:1cxx_default_function_template_args
    Feature record: CXX_FEATURE:1cxx_defaulted_functions
    Feature record: CXX_FEATURE:1cxx_defaulted_move_initializers
    Feature record: CXX_FEATURE:1cxx_delegating_constructors
    Feature record: CXX_FEATURE:1cxx_deleted_functions
    Feature record: CXX_FEATURE:1cxx_digit_separators
    Feature record: CXX_FEATURE:1cxx_enum_forward_declarations
    Feature record: CXX_FEATURE:1cxx_explicit_conversions
    Feature record: CXX_FEATURE:1cxx_extended_friend_declarations
    Feature record: CXX_FEATURE:1cxx_extern_templates
    Feature record: CXX_FEATURE:1cxx_final
    Feature record: CXX_FEATURE:1cxx_func_identifier
    Feature record: CXX_FEATURE:1cxx_generalized_initializers
    Feature record: CXX_FEATURE:1cxx_generic_lambdas
    Feature record: CXX_FEATURE:1cxx_inheriting_constructors
    Feature record: CXX_FEATURE:1cxx_inline_namespaces
    Feature record: CXX_FEATURE:1cxx_lambdas
    Feature record: CXX_FEATURE:1cxx_lambda_init_captures
    Feature record: CXX_FEATURE:1cxx_local_type_template_args
    Feature record: CXX_FEATURE:1cxx_long_long_type
    Feature record: CXX_FEATURE:1cxx_noexcept
    Feature record: CXX_FEATURE:1cxx_nonstatic_member_init
    Feature record: CXX_FEATURE:1cxx_nullptr
    Feature record: CXX_FEATURE:1cxx_override
    Feature record: CXX_FEATURE:1cxx_range_for
    Feature record: CXX_FEATURE:1cxx_raw_string_literals
    Feature record: CXX_FEATURE:1cxx_reference_qualified_functions
    Feature record: CXX_FEATURE:1cxx_relaxed_constexpr
    Feature record: CXX_FEATURE:1cxx_return_type_deduction
    Feature record: CXX_FEATURE:1cxx_right_angle_brackets
    Feature record: CXX_FEATURE:1cxx_rvalue_references
    Feature record: CXX_FEATURE:1cxx_sizeof_member
    Feature record: CXX_FEATURE:1cxx_static_assert
    Feature record: CXX_FEATURE:1cxx_strong_enums
    Feature record: CXX_FEATURE:1cxx_template_template_parameters
    Feature record: CXX_FEATURE:1cxx_thread_local
    Feature record: CXX_FEATURE:1cxx_trailing_return_types
    Feature record: CXX_FEATURE:1cxx_unicode_literals
    Feature record: CXX_FEATURE:1cxx_uniform_initialization
    Feature record: CXX_FEATURE:1cxx_unrestricted_unions
    Feature record: CXX_FEATURE:1cxx_user_literals
    Feature record: CXX_FEATURE:1cxx_variable_templates
    Feature record: CXX_FEATURE:1cxx_variadic_macros
    Feature record: CXX_FEATURE:1cxx_variadic_templates


Detecting CXX [-std=c++14] compiler features compiled with the following output:
Change Dir: /home/k8smaster/github/tools/yolov3/bash_scripts/build/CMakeFiles/CMakeTmp

Run Build Command:"/usr/bin/make" "cmTC_f01e9/fast"
/usr/bin/make -f CMakeFiles/cmTC_f01e9.dir/build.make CMakeFiles/cmTC_f01e9.dir/build
make[1]: 디렉터리 '/home/k8smaster/github/tools/yolov3/bash_scripts/build/CMakeFiles/CMakeTmp' 들어감
Building CXX object CMakeFiles/cmTC_f01e9.dir/feature_tests.cxx.o
/usr/bin/c++    -fPIE   -std=c++14 -o CMakeFiles/cmTC_f01e9.dir/feature_tests.cxx.o -c /home/k8smaster/github/tools/yolov3/bash_scripts/build/CMakeFiles/feature_tests.cxx
Linking CXX executable cmTC_f01e9
/usr/bin/cmake -E cmake_link_script CMakeFiles/cmTC_f01e9.dir/link.txt --verbose=1
/usr/bin/c++       CMakeFiles/cmTC_f01e9.dir/feature_tests.cxx.o  -o cmTC_f01e9 
make[1]: 디렉터리 '/home/k8smaster/github/tools/yolov3/bash_scripts/build/CMakeFiles/CMakeTmp' 나감


    Feature record: CXX_FEATURE:1cxx_aggregate_default_initializers
    Feature record: CXX_FEATURE:1cxx_alias_templates
    Feature record: CXX_FEATURE:1cxx_alignas
    Feature record: CXX_FEATURE:1cxx_alignof
    Feature record: CXX_FEATURE:1cxx_attributes
    Feature record: CXX_FEATURE:1cxx_attribute_deprecated
    Feature record: CXX_FEATURE:1cxx_auto_type
    Feature record: CXX_FEATURE:1cxx_binary_literals
    Feature record: CXX_FEATURE:1cxx_constexpr
    Feature record: CXX_FEATURE:1cxx_contextual_conversions
    Feature record: CXX_FEATURE:1cxx_decltype
    Feature record: CXX_FEATURE:1cxx_decltype_auto
    Feature record: CXX_FEATURE:1cxx_decltype_incomplete_return_types
    Feature record: CXX_FEATURE:1cxx_default_function_template_args
    Feature record: CXX_FEATURE:1cxx_defaulted_functions
    Feature record: CXX_FEATURE:1cxx_defaulted_move_initializers
    Feature record: CXX_FEATURE:1cxx_delegating_constructors
    Feature record: CXX_FEATURE:1cxx_deleted_functions
    Feature record: CXX_FEATURE:1cxx_digit_separators
    Feature record: CXX_FEATURE:1cxx_enum_forward_declarations
    Feature record: CXX_FEATURE:1cxx_explicit_conversions
    Feature record: CXX_FEATURE:1cxx_extended_friend_declarations
    Feature record: CXX_FEATURE:1cxx_extern_templates
    Feature record: CXX_FEATURE:1cxx_final
    Feature record: CXX_FEATURE:1cxx_func_identifier
    Feature record: CXX_FEATURE:1cxx_generalized_initializers
    Feature record: CXX_FEATURE:1cxx_generic_lambdas
    Feature record: CXX_FEATURE:1cxx_inheriting_constructors
    Feature record: CXX_FEATURE:1cxx_inline_namespaces
    Feature record: CXX_FEATURE:1cxx_lambdas
    Feature record: CXX_FEATURE:1cxx_lambda_init_captures
    Feature record: CXX_FEATURE:1cxx_local_type_template_args
    Feature record: CXX_FEATURE:1cxx_long_long_type
    Feature record: CXX_FEATURE:1cxx_noexcept
    Feature record: CXX_FEATURE:1cxx_nonstatic_member_init
    Feature record: CXX_FEATURE:1cxx_nullptr
    Feature record: CXX_FEATURE:1cxx_override
    Feature record: CXX_FEATURE:1cxx_range_for
    Feature record: CXX_FEATURE:1cxx_raw_string_literals
    Feature record: CXX_FEATURE:1cxx_reference_qualified_functions
    Feature record: CXX_FEATURE:1cxx_relaxed_constexpr
    Feature record: CXX_FEATURE:1cxx_return_type_deduction
    Feature record: CXX_FEATURE:1cxx_right_angle_brackets
    Feature record: CXX_FEATURE:1cxx_rvalue_references
    Feature record: CXX_FEATURE:1cxx_sizeof_member
    Feature record: CXX_FEATURE:1cxx_static_assert
    Feature record: CXX_FEATURE:1cxx_strong_enums
    Feature record: CXX_FEATURE:1cxx_template_template_parameters
    Feature record: CXX_FEATURE:1cxx_thread_local
    Feature record: CXX_FEATURE:1cxx_trailing_return_types
    Feature record: CXX_FEATURE:1cxx_unicode_literals
    Feature record: CXX_FEATURE:1cxx_uniform_initialization
    Feature record: CXX_FEATURE:1cxx_unrestricted_unions
    Feature record: CXX_FEATURE:1cxx_user_literals
    Feature record: CXX_FEATURE:1cxx_variable_templates
    Feature record: CXX_FEATURE:1cxx_variadic_macros
    Feature record: CXX_FEATURE:1cxx_variadic_templates


Detecting CXX [-std=c++11] compiler features compiled with the following output:
Change Dir: /home/k8smaster/github/tools/yolov3/bash_scripts/build/CMakeFiles/CMakeTmp

Run Build Command:"/usr/bin/make" "cmTC_4cb14/fast"
/usr/bin/make -f CMakeFiles/cmTC_4cb14.dir/build.make CMakeFiles/cmTC_4cb14.dir/build
make[1]: 디렉터리 '/home/k8smaster/github/tools/yolov3/bash_scripts/build/CMakeFiles/CMakeTmp' 들어감
Building CXX object CMakeFiles/cmTC_4cb14.dir/feature_tests.cxx.o
/usr/bin/c++    -fPIE   -std=c++11 -o CMakeFiles/cmTC_4cb14.dir/feature_tests.cxx.o -c /home/k8smaster/github/tools/yolov3/bash_scripts/build/CMakeFiles/feature_tests.cxx
Linking CXX executable cmTC_4cb14
/usr/bin/cmake -E cmake_link_script CMakeFiles/cmTC_4cb14.dir/link.txt --verbose=1
/usr/bin/c++       CMakeFiles/cmTC_4cb14.dir/feature_tests.cxx.o  -o cmTC_4cb14 
make[1]: 디렉터리 '/home/k8smaster/github/tools/yolov3/bash_scripts/build/CMakeFiles/CMakeTmp' 나감


    Feature record: CXX_FEATURE:0cxx_aggregate_default_initializers
    Feature record: CXX_FEATURE:1cxx_alias_templates
    Feature record: CXX_FEATURE:1cxx_alignas
    Feature record: CXX_FEATURE:1cxx_alignof
    Feature record: CXX_FEATURE:1cxx_attributes
    Feature record: CXX_FEATURE:0cxx_attribute_deprecated
    Feature record: CXX_FEATURE:1cxx_auto_type
    Feature record: CXX_FEATURE:0cxx_binary_literals
    Feature record: CXX_FEATURE:1cxx_constexpr
    Feature record: CXX_FEATURE:0cxx_contextual_conversions
    Feature record: CXX_FEATURE:1cxx_decltype
    Feature record: CXX_FEATURE:0cxx_decltype_auto
    Feature record: CXX_FEATURE:1cxx_decltype_incomplete_return_types
    Feature record: CXX_FEATURE:1cxx_default_function_template_args
    Feature record: CXX_FEATURE:1cxx_defaulted_functions
    Feature record: CXX_FEATURE:1cxx_defaulted_move_initializers
    Feature record: CXX_FEATURE:1cxx_delegating_constructors
    Feature record: CXX_FEATURE:1cxx_deleted_functions
    Feature record: CXX_FEATURE:0cxx_digit_separators
    Feature record: CXX_FEATURE:1cxx_enum_forward_declarations
    Feature record: CXX_FEATURE:1cxx_explicit_conversions
    Feature record: CXX_FEATURE:1cxx_extended_friend_declarations
    Feature record: CXX_FEATURE:1cxx_extern_templates
    Feature record: CXX_FEATURE:1cxx_final
    Feature record: CXX_FEATURE:1cxx_func_identifier
    Feature record: CXX_FEATURE:1cxx_generalized_initializers
    Feature record: CXX_FEATURE:0cxx_generic_lambdas
    Feature record: CXX_FEATURE:1cxx_inheriting_constructors
    Feature record: CXX_FEATURE:1cxx_inline_namespaces
    Feature record: CXX_FEATURE:1cxx_lambdas
    Feature record: CXX_FEATURE:0cxx_lambda_init_captures
    Feature record: CXX_FEATURE:1cxx_local_type_template_args
    Feature record: CXX_FEATURE:1cxx_long_long_type
    Feature record: CXX_FEATURE:1cxx_noexcept
    Feature record: CXX_FEATURE:1cxx_nonstatic_member_init
    Feature record: CXX_FEATURE:1cxx_nullptr
    Feature record: CXX_FEATURE:1cxx_override
    Feature record: CXX_FEATURE:1cxx_range_for
    Feature record: CXX_FEATURE:1cxx_raw_string_literals
    Feature record: CXX_FEATURE:1cxx_reference_qualified_functions
    Feature record: CXX_FEATURE:0cxx_relaxed_constexpr
    Feature record: CXX_FEATURE:0cxx_return_type_deduction
    Feature record: CXX_FEATURE:1cxx_right_angle_brackets
    Feature record: CXX_FEATURE:1cxx_rvalue_references
    Feature record: CXX_FEATURE:1cxx_sizeof_member
    Feature record: CXX_FEATURE:1cxx_static_assert
    Feature record: CXX_FEATURE:1cxx_strong_enums
    Feature record: CXX_FEATURE:1cxx_template_template_parameters
    Feature record: CXX_FEATURE:1cxx_thread_local
    Feature record: CXX_FEATURE:1cxx_trailing_return_types
    Feature record: CXX_FEATURE:1cxx_unicode_literals
    Feature record: CXX_FEATURE:1cxx_uniform_initialization
    Feature record: CXX_FEATURE:1cxx_unrestricted_unions
    Feature record: CXX_FEATURE:1cxx_user_literals
    Feature record: CXX_FEATURE:0cxx_variable_templates
    Feature record: CXX_FEATURE:1cxx_variadic_macros
    Feature record: CXX_FEATURE:1cxx_variadic_templates


Detecting CXX [-std=c++98] compiler features compiled with the following output:
Change Dir: /home/k8smaster/github/tools/yolov3/bash_scripts/build/CMakeFiles/CMakeTmp

Run Build Command:"/usr/bin/make" "cmTC_9399d/fast"
/usr/bin/make -f CMakeFiles/cmTC_9399d.dir/build.make CMakeFiles/cmTC_9399d.dir/build
make[1]: 디렉터리 '/home/k8smaster/github/tools/yolov3/bash_scripts/build/CMakeFiles/CMakeTmp' 들어감
Building CXX object CMakeFiles/cmTC_9399d.dir/feature_tests.cxx.o
/usr/bin/c++    -fPIE   -std=c++98 -o CMakeFiles/cmTC_9399d.dir/feature_tests.cxx.o -c /home/k8smaster/github/tools/yolov3/bash_scripts/build/CMakeFiles/feature_tests.cxx
Linking CXX executable cmTC_9399d
/usr/bin/cmake -E cmake_link_script CMakeFiles/cmTC_9399d.dir/link.txt --verbose=1
/usr/bin/c++       CMakeFiles/cmTC_9399d.dir/feature_tests.cxx.o  -o cmTC_9399d 
make[1]: 디렉터리 '/home/k8smaster/github/tools/yolov3/bash_scripts/build/CMakeFiles/CMakeTmp' 나감


    Feature record: CXX_FEATURE:0cxx_aggregate_default_initializers
    Feature record: CXX_FEATURE:0cxx_alias_templates
    Feature record: CXX_FEATURE:0cxx_alignas
    Feature record: CXX_FEATURE:0cxx_alignof
    Feature record: CXX_FEATURE:0cxx_attributes
    Feature record: CXX_FEATURE:0cxx_attribute_deprecated
    Feature record: CXX_FEATURE:0cxx_auto_type
    Feature record: CXX_FEATURE:0cxx_binary_literals
    Feature record: CXX_FEATURE:0cxx_constexpr
    Feature record: CXX_FEATURE:0cxx_contextual_conversions
    Feature record: CXX_FEATURE:0cxx_decltype
    Feature record: CXX_FEATURE:0cxx_decltype_auto
    Feature record: CXX_FEATURE:0cxx_decltype_incomplete_return_types
    Feature record: CXX_FEATURE:0cxx_default_function_template_args
    Feature record: CXX_FEATURE:0cxx_defaulted_functions
    Feature record: CXX_FEATURE:0cxx_defaulted_move_initializers
    Feature record: CXX_FEATURE:0cxx_delegating_constructors
    Feature record: CXX_FEATURE:0cxx_deleted_functions
    Feature record: CXX_FEATURE:0cxx_digit_separators
    Feature record: CXX_FEATURE:0cxx_enum_forward_declarations
    Feature record: CXX_FEATURE:0cxx_explicit_conversions
    Feature record: CXX_FEATURE:0cxx_extended_friend_declarations
    Feature record: CXX_FEATURE:0cxx_extern_templates
    Feature record: CXX_FEATURE:0cxx_final
    Feature record: CXX_FEATURE:0cxx_func_identifier
    Feature record: CXX_FEATURE:0cxx_generalized_initializers
    Feature record: CXX_FEATURE:0cxx_generic_lambdas
    Feature record: CXX_FEATURE:0cxx_inheriting_constructors
    Feature record: CXX_FEATURE:0cxx_inline_namespaces
    Feature record: CXX_FEATURE:0cxx_lambdas
    Feature record: CXX_FEATURE:0cxx_lambda_init_captures
    Feature record: CXX_FEATURE:0cxx_local_type_template_args
    Feature record: CXX_FEATURE:0cxx_long_long_type
    Feature record: CXX_FEATURE:0cxx_noexcept
    Feature record: CXX_FEATURE:0cxx_nonstatic_member_init
    Feature record: CXX_FEATURE:0cxx_nullptr
    Feature record: CXX_FEATURE:0cxx_override
    Feature record: CXX_FEATURE:0cxx_range_for
    Feature record: CXX_FEATURE:0cxx_raw_string_literals
    Feature record: CXX_FEATURE:0cxx_reference_qualified_functions
    Feature record: CXX_FEATURE:0cxx_relaxed_constexpr
    Feature record: CXX_FEATURE:0cxx_return_type_deduction
    Feature record: CXX_FEATURE:0cxx_right_angle_brackets
    Feature record: CXX_FEATURE:0cxx_rvalue_references
    Feature record: CXX_FEATURE:0cxx_sizeof_member
    Feature record: CXX_FEATURE:0cxx_static_assert
    Feature record: CXX_FEATURE:0cxx_strong_enums
    Feature record: CXX_FEATURE:1cxx_template_template_parameters
    Feature record: CXX_FEATURE:0cxx_thread_local
    Feature record: CXX_FEATURE:0cxx_trailing_return_types
    Feature record: CXX_FEATURE:0cxx_unicode_literals
    Feature record: CXX_FEATURE:0cxx_uniform_initialization
    Feature record: CXX_FEATURE:0cxx_unrestricted_unions
    Feature record: CXX_FEATURE:0cxx_user_literals
    Feature record: CXX_FEATURE:0cxx_variable_templates
    Feature record: CXX_FEATURE:0cxx_variadic_macros
    Feature record: CXX_FEATURE:0cxx_variadic_templates
Determining if the C compiler works passed with the following output:
Change Dir: /home/k8smaster/github/tools/yolov3/bash_scripts/build/CMakeFiles/CMakeTmp

Run Build Command:"/usr/bin/make" "cmTC_a0fb9/fast"
/usr/bin/make -f CMakeFiles/cmTC_a0fb9.dir/build.make CMakeFiles/cmTC_a0fb9.dir/build
make[1]: 디렉터리 '/home/k8smaster/github/tools/yolov3/bash_scripts/build/CMakeFiles/CMakeTmp' 들어감
Building C object CMakeFiles/cmTC_a0fb9.dir/testCCompiler.c.o
/usr/bin/cc   -fPIE   -o CMakeFiles/cmTC_a0fb9.dir/testCCompiler.c.o   -c /home/k8smaster/github/tools/yolov3/bash_scripts/build/CMakeFiles/CMakeTmp/testCCompiler.c
Linking C executable cmTC_a0fb9
/usr/bin/cmake -E cmake_link_script CMakeFiles/cmTC_a0fb9.dir/link.txt --verbose=1
/usr/bin/cc      CMakeFiles/cmTC_a0fb9.dir/testCCompiler.c.o  -o cmTC_a0fb9 
make[1]: 디렉터리 '/home/k8smaster/github/tools/yolov3/bash_scripts/build/CMakeFiles/CMakeTmp' 나감


Detecting C compiler ABI info compiled with the following output:
Change Dir: /home/k8smaster/github/tools/yolov3/bash_scripts/build/CMakeFiles/CMakeTmp

Run Build Command:"/usr/bin/make" "cmTC_7693b/fast"
/usr/bin/make -f CMakeFiles/cmTC_7693b.dir/build.make CMakeFiles/cmTC_7693b.dir/build
make[1]: 디렉터리 '/home/k8smaster/github/tools/yolov3/bash_scripts/build/CMakeFiles/CMakeTmp' 들어감
Building C object CMakeFiles/cmTC_7693b.dir/CMakeCCompilerABI.c.o
/usr/bin/cc   -fPIE   -o CMakeFiles/cmTC_7693b.dir/CMakeCCompilerABI.c.o   -c /usr/share/cmake-3.10/Modules/CMakeCCompilerABI.c
Linking C executable cmTC_7693b
/usr/bin/cmake -E cmake_link_script CMakeFiles/cmTC_7693b.dir/link.txt --verbose=1
/usr/bin/cc     -v CMakeFiles/cmTC_7693b.dir/CMakeCCompilerABI.c.o  -o cmTC_7693b 
Using built-in specs.
COLLECT_GCC=/usr/bin/cc
COLLECT_LTO_WRAPPER=/usr/lib/gcc/x86_64-linux-gnu/7/lto-wrapper
OFFLOAD_TARGET_NAMES=nvptx-none
OFFLOAD_TARGET_DEFAULT=1
Target: x86_64-linux-gnu
Configured with: ../src/configure -v --with-pkgversion='Ubuntu 7.5.0-3ubuntu1~18.04' --with-bugurl=file:///usr/share/doc/gcc-7/README.Bugs --enable-languages=c,ada,c++,go,brig,d,fortran,objc,obj-c++ --prefix=/usr --with-gcc-major-version-only --program-suffix=-7 --program-prefix=x86_64-linux-gnu- --enable-shared --enable-linker-build-id --libexecdir=/usr/lib --without-included-gettext --enable-threads=posix --libdir=/usr/lib --enable-nls --enable-bootstrap --enable-clocale=gnu --enable-libstdcxx-debug --enable-libstdcxx-time=yes --with-default-libstdcxx-abi=new --enable-gnu-unique-object --disable-vtable-verify --enable-libmpx --enable-plugin --enable-default-pie --with-system-zlib --with-target-system-zlib --enable-objc-gc=auto --enable-multiarch --disable-werror --with-arch-32=i686 --with-abi=m64 --with-multilib-list=m32,m64,mx32 --enable-multilib --with-tune=generic --enable-offload-targets=nvptx-none --without-cuda-driver --enable-checking=release --build=x86_64-linux-gnu --host=x86_64-linux-gnu --target=x86_64-linux-gnu
Thread model: posix
gcc version 7.5.0 (Ubuntu 7.5.0-3ubuntu1~18.04) 
COMPILER_PATH=/usr/lib/gcc/x86_64-linux-gnu/7/:/usr/lib/gcc/x86_64-linux-gnu/7/:/usr/lib/gcc/x86_64-linux-gnu/:/usr/lib/gcc/x86_64-linux-gnu/7/:/usr/lib/gcc/x86_64-linux-gnu/
LIBRARY_PATH=/usr/lib/gcc/x86_64-linux-gnu/7/:/usr/lib/gcc/x86_64-linux-gnu/7/../../../x86_64-linux-gnu/:/usr/lib/gcc/x86_64-linux-gnu/7/../../../../lib/:/lib/x86_64-linux-gnu/:/lib/../lib/:/usr/lib/x86_64-linux-gnu/:/usr/lib/../lib/:/usr/lib/gcc/x86_64-linux-gnu/7/../../../:/lib/:/usr/lib/
COLLECT_GCC_OPTIONS='-v' '-o' 'cmTC_7693b' '-mtune=generic' '-march=x86-64'
 /usr/lib/gcc/x86_64-linux-gnu/7/collect2 -plugin /usr/lib/gcc/x86_64-linux-gnu/7/liblto_plugin.so -plugin-opt=/usr/lib/gcc/x86_64-linux-gnu/7/lto-wrapper -plugin-opt=-fresolution=/tmp/ccWPiJjj.res -plugin-opt=-pass-through=-lgcc -plugin-opt=-pass-through=-lgcc_s -plugin-opt=-pass-through=-lc -plugin-opt=-pass-through=-lgcc -plugin-opt=-pass-through=-lgcc_s --build-id --eh-frame-hdr -m elf_x86_64 --hash-style=gnu --as-needed -dynamic-linker /lib64/ld-linux-x86-64.so.2 -pie -z now -z relro -o cmTC_7693b /usr/lib/gcc/x86_64-linux-gnu/7/../../../x86_64-linux-gnu/Scrt1.o /usr/lib/gcc/x86_64-linux-gnu/7/../../../x86_64-linux-gnu/crti.o /usr/lib/gcc/x86_64-linux-gnu/7/crtbeginS.o -L/usr/lib/gcc/x86_64-linux-gnu/7 -L/usr/lib/gcc/x86_64-linux-gnu/7/../../../x86_64-linux-gnu -L/usr/lib/gcc/x86_64-linux-gnu/7/../../../../lib -L/lib/x86_64-linux-gnu -L/lib/../lib -L/usr/lib/x86_64-linux-gnu -L/usr/lib/../lib -L/usr/lib/gcc/x86_64-linux-gnu/7/../../.. CMakeFiles/cmTC_7693b.dir/CMakeCCompilerABI.c.o -lgcc --push-state --as-needed -lgcc_s --pop-state -lc -lgcc --push-state --as-needed -lgcc_s --pop-state /usr/lib/gcc/x86_64-linux-gnu/7/crtendS.o /usr/lib/gcc/x86_64-linux-gnu/7/../../../x86_64-linux-gnu/crtn.o
COLLECT_GCC_OPTIONS='-v' '-o' 'cmTC_7693b' '-mtune=generic' '-march=x86-64'
make[1]: 디렉터리 '/home/k8smaster/github/tools/yolov3/bash_scripts/build/CMakeFiles/CMakeTmp' 나감


Parsed C implicit link information from above output:
  link line regex: [^( *|.*[/\])(ld|CMAKE_LINK_STARTFILE-NOTFOUND|([^/\]+-)?ld|collect2)[^/\]*( |$)]
  ignore line: [Change Dir: /home/k8smaster/github/tools/yolov3/bash_scripts/build/CMakeFiles/CMakeTmp]
  ignore line: []
  ignore line: [Run Build Command:"/usr/bin/make" "cmTC_7693b/fast"]
  ignore line: [/usr/bin/make -f CMakeFiles/cmTC_7693b.dir/build.make CMakeFiles/cmTC_7693b.dir/build]
  ignore line: [make[1]: 디렉터리 '/home/k8smaster/github/tools/yolov3/bash_scripts/build/CMakeFiles/CMakeTmp' 들어감]
  ignore line: [Building C object CMakeFiles/cmTC_7693b.dir/CMakeCCompilerABI.c.o]
  ignore line: [/usr/bin/cc   -fPIE   -o CMakeFiles/cmTC_7693b.dir/CMakeCCompilerABI.c.o   -c /usr/share/cmake-3.10/Modules/CMakeCCompilerABI.c]
  ignore line: [Linking C executable cmTC_7693b]
  ignore line: [/usr/bin/cmake -E cmake_link_script CMakeFiles/cmTC_7693b.dir/link.txt --verbose=1]
  ignore line: [/usr/bin/cc     -v CMakeFiles/cmTC_7693b.dir/CMakeCCompilerABI.c.o  -o cmTC_7693b ]
  ignore line: [Using built-in specs.]
  ignore line: [COLLECT_GCC=/usr/bin/cc]
  ignore line: [COLLECT_LTO_WRAPPER=/usr/lib/gcc/x86_64-linux-gnu/7/lto-wrapper]
  ignore line: [OFFLOAD_TARGET_NAMES=nvptx-none]
  ignore line: [OFFLOAD_TARGET_DEFAULT=1]
  ignore line: [Target: x86_64-linux-gnu]
  ignore line: [Configured with: ../src/configure -v --with-pkgversion='Ubuntu 7.5.0-3ubuntu1~18.04' --with-bugurl=file:///usr/share/doc/gcc-7/README.Bugs --enable-languages=c,ada,c++,go,brig,d,fortran,objc,obj-c++ --prefix=/usr --with-gcc-major-version-only --program-suffix=-7 --program-prefix=x86_64-linux-gnu- --enable-shared --enable-linker-build-id --libexecdir=/usr/lib --without-included-gettext --enable-threads=posix --libdir=/usr/lib --enable-nls --enable-bootstrap --enable-clocale=gnu --enable-libstdcxx-debug --enable-libstdcxx-time=yes --with-default-libstdcxx-abi=new --enable-gnu-unique-object --disable-vtable-verify --enable-libmpx --enable-plugin --enable-default-pie --with-system-zlib --with-target-system-zlib --enable-objc-gc=auto --enable-multiarch --disable-werror --with-arch-32=i686 --with-abi=m64 --with-multilib-list=m32,m64,mx32 --enable-multilib --with-tune=generic --enable-offload-targets=nvptx-none --without-cuda-driver --enable-checking=release --build=x86_64-linux-gnu --host=x86_64-linux-gnu --target=x86_64-linux-gnu]
  ignore line: [Thread model: posix]
  ignore line: [gcc version 7.5.0 (Ubuntu 7.5.0-3ubuntu1~18.04) ]
  ignore line: [COMPILER_PATH=/usr/lib/gcc/x86_64-linux-gnu/7/:/usr/lib/gcc/x86_64-linux-gnu/7/:/usr/lib/gcc/x86_64-linux-gnu/:/usr/lib/gcc/x86_64-linux-gnu/7/:/usr/lib/gcc/x86_64-linux-gnu/]
  ignore line: [LIBRARY_PATH=/usr/lib/gcc/x86_64-linux-gnu/7/:/usr/lib/gcc/x86_64-linux-gnu/7/../../../x86_64-linux-gnu/:/usr/lib/gcc/x86_64-linux-gnu/7/../../../../lib/:/lib/x86_64-linux-gnu/:/lib/../lib/:/usr/lib/x86_64-linux-gnu/:/usr/lib/../lib/:/usr/lib/gcc/x86_64-linux-gnu/7/../../../:/lib/:/usr/lib/]
  ignore line: [COLLECT_GCC_OPTIONS='-v' '-o' 'cmTC_7693b' '-mtune=generic' '-march=x86-64']
  link line: [ /usr/lib/gcc/x86_64-linux-gnu/7/collect2 -plugin /usr/lib/gcc/x86_64-linux-gnu/7/liblto_plugin.so -plugin-opt=/usr/lib/gcc/x86_64-linux-gnu/7/lto-wrapper -plugin-opt=-fresolution=/tmp/ccWPiJjj.res -plugin-opt=-pass-through=-lgcc -plugin-opt=-pass-through=-lgcc_s -plugin-opt=-pass-through=-lc -plugin-opt=-pass-through=-lgcc -plugin-opt=-pass-through=-lgcc_s --build-id --eh-frame-hdr -m elf_x86_64 --hash-style=gnu --as-needed -dynamic-linker /lib64/ld-linux-x86-64.so.2 -pie -z now -z relro -o cmTC_7693b /usr/lib/gcc/x86_64-linux-gnu/7/../../../x86_64-linux-gnu/Scrt1.o /usr/lib/gcc/x86_64-linux-gnu/7/../../../x86_64-linux-gnu/crti.o /usr/lib/gcc/x86_64-linux-gnu/7/crtbeginS.o -L/usr/lib/gcc/x86_64-linux-gnu/7 -L/usr/lib/gcc/x86_64-linux-gnu/7/../../../x86_64-linux-gnu -L/usr/lib/gcc/x86_64-linux-gnu/7/../../../../lib -L/lib/x86_64-linux-gnu -L/lib/../lib -L/usr/lib/x86_64-linux-gnu -L/usr/lib/../lib -L/usr/lib/gcc/x86_64-linux-gnu/7/../../.. CMakeFiles/cmTC_7693b.dir/CMakeCCompilerABI.c.o -lgcc --push-state --as-needed -lgcc_s --pop-state -lc -lgcc --push-state --as-needed -lgcc_s --pop-state /usr/lib/gcc/x86_64-linux-gnu/7/crtendS.o /usr/lib/gcc/x86_64-linux-gnu/7/../../../x86_64-linux-gnu/crtn.o]
    arg [/usr/lib/gcc/x86_64-linux-gnu/7/collect2] ==> ignore
    arg [-plugin] ==> ignore
    arg [/usr/lib/gcc/x86_64-linux-gnu/7/liblto_plugin.so] ==> ignore
    arg [-plugin-opt=/usr/lib/gcc/x86_64-linux-gnu/7/lto-wrapper] ==> ignore
    arg [-plugin-opt=-fresolution=/tmp/ccWPiJjj.res] ==> ignore
    arg [-plugin-opt=-pass-through=-lgcc] ==> ignore
    arg [-plugin-opt=-pass-through=-lgcc_s] ==> ignore
    arg [-plugin-opt=-pass-through=-lc] ==> ignore
    arg [-plugin-opt=-pass-through=-lgcc] ==> ignore
    arg [-plugin-opt=-pass-through=-lgcc_s] ==> ignore
    arg [--build-id] ==> ignore
    arg [--eh-frame-hdr] ==> ignore
    arg [-m] ==> ignore
    arg [elf_x86_64] ==> ignore
    arg [--hash-style=gnu] ==> ignore
    arg [--as-needed] ==> ignore
    arg [-dynamic-linker] ==> ignore
    arg [/lib64/ld-linux-x86-64.so.2] ==> ignore
    arg [-pie] ==> ignore
    arg [-znow] ==> ignore
    arg [-zrelro] ==> ignore
    arg [-o] ==> ignore
    arg [cmTC_7693b] ==> ignore
    arg [/usr/lib/gcc/x86_64-linux-gnu/7/../../../x86_64-linux-gnu/Scrt1.o] ==> ignore
    arg [/usr/lib/gcc/x86_64-linux-gnu/7/../../../x86_64-linux-gnu/crti.o] ==> ignore
    arg [/usr/lib/gcc/x86_64-linux-gnu/7/crtbeginS.o] ==> ignore
    arg [-L/usr/lib/gcc/x86_64-linux-gnu/7] ==> dir [/usr/lib/gcc/x86_64-linux-gnu/7]
    arg [-L/usr/lib/gcc/x86_64-linux-gnu/7/../../../x86_64-linux-gnu] ==> dir [/usr/lib/gcc/x86_64-linux-gnu/7/../../../x86_64-linux-gnu]
    arg [-L/usr/lib/gcc/x86_64-linux-gnu/7/../../../../lib] ==> dir [/usr/lib/gcc/x86_64-linux-gnu/7/../../../../lib]
    arg [-L/lib/x86_64-linux-gnu] ==> dir [/lib/x86_64-linux-gnu]
    arg [-L/lib/../lib] ==> dir [/lib/../lib]
    arg [-L/usr/lib/x86_64-linux-gnu] ==> dir [/usr/lib/x86_64-linux-gnu]
    arg [-L/usr/lib/../lib] ==> dir [/usr/lib/../lib]
    arg [-L/usr/lib/gcc/x86_64-linux-gnu/7/../../..] ==> dir [/usr/lib/gcc/x86_64-linux-gnu/7/../../..]
    arg [CMakeFiles/cmTC_7693b.dir/CMakeCCompilerABI.c.o] ==> ignore
    arg [-lgcc] ==> lib [gcc]
    arg [--push-state] ==> ignore
    arg [--as-needed] ==> ignore
    arg [-lgcc_s] ==> lib [gcc_s]
    arg [--pop-state] ==> ignore
    arg [-lc] ==> lib [c]
    arg [-lgcc] ==> lib [gcc]
    arg [--push-state] ==> ignore
    arg [--as-needed] ==> ignore
    arg [-lgcc_s] ==> lib [gcc_s]
    arg [--pop-state] ==> ignore
    arg [/usr/lib/gcc/x86_64-linux-gnu/7/crtendS.o] ==> ignore
    arg [/usr/lib/gcc/x86_64-linux-gnu/7/../../../x86_64-linux-gnu/crtn.o] ==> ignore
  collapse library dir [/usr/lib/gcc/x86_64-linux-gnu/7] ==> [/usr/lib/gcc/x86_64-linux-gnu/7]
  collapse library dir [/usr/lib/gcc/x86_64-linux-gnu/7/../../../x86_64-linux-gnu] ==> [/usr/lib/x86_64-linux-gnu]
  collapse library dir [/usr/lib/gcc/x86_64-linux-gnu/7/../../../../lib] ==> [/usr/lib]
  collapse library dir [/lib/x86_64-linux-gnu] ==> [/lib/x86_64-linux-gnu]
  collapse library dir [/lib/../lib] ==> [/lib]
  collapse library dir [/usr/lib/x86_64-linux-gnu] ==> [/usr/lib/x86_64-linux-gnu]
  collapse library dir [/usr/lib/../lib] ==> [/usr/lib]
  collapse library dir [/usr/lib/gcc/x86_64-linux-gnu/7/../../..] ==> [/usr/lib]
  implicit libs: [gcc;gcc_s;c;gcc;gcc_s]
  implicit dirs: [/usr/lib/gcc/x86_64-linux-gnu/7;/usr/lib/x86_64-linux-gnu;/usr/lib;/lib/x86_64-linux-gnu;/lib]
  implicit fwks: []




Detecting C [-std=c11] compiler features compiled with the following output:
Change Dir: /home/k8smaster/github/tools/yolov3/bash_scripts/build/CMakeFiles/CMakeTmp

Run Build Command:"/usr/bin/make" "cmTC_ca6fb/fast"
/usr/bin/make -f CMakeFiles/cmTC_ca6fb.dir/build.make CMakeFiles/cmTC_ca6fb.dir/build
make[1]: 디렉터리 '/home/k8smaster/github/tools/yolov3/bash_scripts/build/CMakeFiles/CMakeTmp' 들어감
Building C object CMakeFiles/cmTC_ca6fb.dir/feature_tests.c.o
/usr/bin/cc   -fPIE   -std=c11 -o CMakeFiles/cmTC_ca6fb.dir/feature_tests.c.o   -c /home/k8smaster/github/tools/yolov3/bash_scripts/build/CMakeFiles/feature_tests.c
Linking C executable cmTC_ca6fb
/usr/bin/cmake -E cmake_link_script CMakeFiles/cmTC_ca6fb.dir/link.txt --verbose=1
/usr/bin/cc      CMakeFiles/cmTC_ca6fb.dir/feature_tests.c.o  -o cmTC_ca6fb 
make[1]: 디렉터리 '/home/k8smaster/github/tools/yolov3/bash_scripts/build/CMakeFiles/CMakeTmp' 나감


    Feature record: C_FEATURE:1c_function_prototypes
    Feature record: C_FEATURE:1c_restrict
    Feature record: C_FEATURE:1c_static_assert
    Feature record: C_FEATURE:1c_variadic_macros


Detecting C [-std=c99] compiler features compiled with the following output:
Change Dir: /home/k8smaster/github/tools/yolov3/bash_scripts/build/CMakeFiles/CMakeTmp

Run Build Command:"/usr/bin/make" "cmTC_fc525/fast"
/usr/bin/make -f CMakeFiles/cmTC_fc525.dir/build.make CMakeFiles/cmTC_fc525.dir/build
make[1]: 디렉터리 '/home/k8smaster/github/tools/yolov3/bash_scripts/build/CMakeFiles/CMakeTmp' 들어감
Building C object CMakeFiles/cmTC_fc525.dir/feature_tests.c.o
/usr/bin/cc   -fPIE   -std=c99 -o CMakeFiles/cmTC_fc525.dir/feature_tests.c.o   -c /home/k8smaster/github/tools/yolov3/bash_scripts/build/CMakeFiles/feature_tests.c
Linking C executable cmTC_fc525
/usr/bin/cmake -E cmake_link_script CMakeFiles/cmTC_fc525.dir/link.txt --verbose=1
/usr/bin/cc      CMakeFiles/cmTC_fc525.dir/feature_tests.c.o  -o cmTC_fc525 
make[1]: 디렉터리 '/home/k8smaster/github/tools/yolov3/bash_scripts/build/CMakeFiles/CMakeTmp' 나감


    Feature record: C_FEATURE:1c_function_prototypes
    Feature record: C_FEATURE:1c_restrict
    Feature record: C_FEATURE:0c_static_assert
    Feature record: C_FEATURE:1c_variadic_macros


Detecting C [-std=c90] compiler features compiled with the following output:
Change Dir: /home/k8smaster/github/tools/yolov3/bash_scripts/build/CMakeFiles/CMakeTmp

Run Build Command:"/usr/bin/make" "cmTC_a787a/fast"
/usr/bin/make -f CMakeFiles/cmTC_a787a.dir/build.make CMakeFiles/cmTC_a787a.dir/build
make[1]: 디렉터리 '/home/k8smaster/github/tools/yolov3/bash_scripts/build/CMakeFiles/CMakeTmp' 들어감
Building C object CMakeFiles/cmTC_a787a.dir/feature_tests.c.o
/usr/bin/cc   -fPIE   -std=c90 -o CMakeFiles/cmTC_a787a.dir/feature_tests.c.o   -c /home/k8smaster/github/tools/yolov3/bash_scripts/build/CMakeFiles/feature_tests.c
Linking C executable cmTC_a787a
/usr/bin/cmake -E cmake_link_script CMakeFiles/cmTC_a787a.dir/link.txt --verbose=1
/usr/bin/cc      CMakeFiles/cmTC_a787a.dir/feature_tests.c.o  -o cmTC_a787a 
make[1]: 디렉터리 '/home/k8smaster/github/tools/yolov3/bash_scripts/build/CMakeFiles/CMakeTmp' 나감


    Feature record: C_FEATURE:1c_function_prototypes
    Feature record: C_FEATURE:0c_restrict
    Feature record: C_FEATURE:0c_static_assert
    Feature record: C_FEATURE:0c_variadic_macros
Determining if the include file pthread.h exists passed with the following output:
Change Dir: /home/k8smaster/github/tools/yolov3/bash_scripts/build/CMakeFiles/CMakeTmp

Run Build Command:"/usr/bin/make" "cmTC_01795/fast"
/usr/bin/make -f CMakeFiles/cmTC_01795.dir/build.make CMakeFiles/cmTC_01795.dir/build
make[1]: 디렉터리 '/home/k8smaster/github/tools/yolov3/bash_scripts/build/CMakeFiles/CMakeTmp' 들어감
Building C object CMakeFiles/cmTC_01795.dir/CheckIncludeFile.c.o
/usr/bin/cc   -fsigned-char -W -Wall -Werror=return-type -Werror=address -Werror=sequence-point -Wformat -Werror=format-security -Wmissing-declarations -Wmissing-prototypes -Wstrict-prototypes -Wundef -Winit-self -Wpointer-arith -Wshadow -Wuninitialized -Wno-comment -Wimplicit-fallthrough=3 -Wno-strict-overflow -fdiagnostics-show-option -Wno-long-long -pthread -fomit-frame-pointer -ffunction-sections -fdata-sections  -msse -msse2 -msse3 -fvisibility=hidden  -O3 -DNDEBUG  -DNDEBUG -fPIE   -o CMakeFiles/cmTC_01795.dir/CheckIncludeFile.c.o   -c /home/k8smaster/github/tools/yolov3/bash_scripts/build/CMakeFiles/CMakeTmp/CheckIncludeFile.c
Linking C executable cmTC_01795
/usr/bin/cmake -E cmake_link_script CMakeFiles/cmTC_01795.dir/link.txt --verbose=1
/usr/bin/cc    -fsigned-char -W -Wall -Werror=return-type -Werror=address -Werror=sequence-point -Wformat -Werror=format-security -Wmissing-declarations -Wmissing-prototypes -Wstrict-prototypes -Wundef -Winit-self -Wpointer-arith -Wshadow -Wuninitialized -Wno-comment -Wimplicit-fallthrough=3 -Wno-strict-overflow -fdiagnostics-show-option -Wno-long-long -pthread -fomit-frame-pointer -ffunction-sections -fdata-sections  -msse -msse2 -msse3 -fvisibility=hidden  -O3 -DNDEBUG  -DNDEBUG    -Wl,--gc-sections -Wl,--as-needed  CMakeFiles/cmTC_01795.dir/CheckIncludeFile.c.o  -o cmTC_01795 
make[1]: 디렉터리 '/home/k8smaster/github/tools/yolov3/bash_scripts/build/CMakeFiles/CMakeTmp' 나감


Determining if the posix_memalign exist passed with the following output:
Change Dir: /home/k8smaster/github/tools/yolov3/bash_scripts/build/CMakeFiles/CMakeTmp

Run Build Command:"/usr/bin/make" "cmTC_95e65/fast"
/usr/bin/make -f CMakeFiles/cmTC_95e65.dir/build.make CMakeFiles/cmTC_95e65.dir/build
make[1]: 디렉터리 '/home/k8smaster/github/tools/yolov3/bash_scripts/build/CMakeFiles/CMakeTmp' 들어감
Building C object CMakeFiles/cmTC_95e65.dir/CheckSymbolExists.c.o
/usr/bin/cc   -fsigned-char -W -Wall -Werror=return-type -Werror=address -Werror=sequence-point -Wformat -Werror=format-security -Wmissing-declarations -Wmissing-prototypes -Wstrict-prototypes -Wundef -Winit-self -Wpointer-arith -Wshadow -Wuninitialized -Wno-comment -Wimplicit-fallthrough=3 -Wno-strict-overflow -fdiagnostics-show-option -Wno-long-long -pthread -fomit-frame-pointer -ffunction-sections -fdata-sections  -msse -msse2 -msse3 -fvisibility=hidden  -O3 -DNDEBUG  -DNDEBUG -fPIE   -o CMakeFiles/cmTC_95e65.dir/CheckSymbolExists.c.o   -c /home/k8smaster/github/tools/yolov3/bash_scripts/build/CMakeFiles/CMakeTmp/CheckSymbolExists.c
Linking C executable cmTC_95e65
/usr/bin/cmake -E cmake_link_script CMakeFiles/cmTC_95e65.dir/link.txt --verbose=1
/usr/bin/cc    -fsigned-char -W -Wall -Werror=return-type -Werror=address -Werror=sequence-point -Wformat -Werror=format-security -Wmissing-declarations -Wmissing-prototypes -Wstrict-prototypes -Wundef -Winit-self -Wpointer-arith -Wshadow -Wuninitialized -Wno-comment -Wimplicit-fallthrough=3 -Wno-strict-overflow -fdiagnostics-show-option -Wno-long-long -pthread -fomit-frame-pointer -ffunction-sections -fdata-sections  -msse -msse2 -msse3 -fvisibility=hidden  -O3 -DNDEBUG  -DNDEBUG    -Wl,--gc-sections -Wl,--as-needed  CMakeFiles/cmTC_95e65.dir/CheckSymbolExists.c.o  -o cmTC_95e65 
make[1]: 디렉터리 '/home/k8smaster/github/tools/yolov3/bash_scripts/build/CMakeFiles/CMakeTmp' 나감

File /home/k8smaster/github/tools/yolov3/bash_scripts/build/CMakeFiles/CMakeTmp/CheckSymbolExists.c:
/* */
#include <stdlib.h>

int main(int argc, char** argv)
{
  (void)argv;
#ifndef posix_memalign
  return ((int*)(&posix_memalign))[argc];
#else
  (void)argc;
  return 0;
#endif
}

Determining if the include file malloc.h exists passed with the following output:
Change Dir: /home/k8smaster/github/tools/yolov3/bash_scripts/build/CMakeFiles/CMakeTmp

Run Build Command:"/usr/bin/make" "cmTC_5ac73/fast"
/usr/bin/make -f CMakeFiles/cmTC_5ac73.dir/build.make CMakeFiles/cmTC_5ac73.dir/build
make[1]: 디렉터리 '/home/k8smaster/github/tools/yolov3/bash_scripts/build/CMakeFiles/CMakeTmp' 들어감
Building C object CMakeFiles/cmTC_5ac73.dir/CheckIncludeFile.c.o
/usr/bin/cc   -fsigned-char -W -Wall -Werror=return-type -Werror=address -Werror=sequence-point -Wformat -Werror=format-security -Wmissing-declarations -Wmissing-prototypes -Wstrict-prototypes -Wundef -Winit-self -Wpointer-arith -Wshadow -Wuninitialized -Wno-comment -Wimplicit-fallthrough=3 -Wno-strict-overflow -fdiagnostics-show-option -Wno-long-long -pthread -fomit-frame-pointer -ffunction-sections -fdata-sections  -msse -msse2 -msse3 -fvisibility=hidden  -O3 -DNDEBUG  -DNDEBUG -fPIE   -o CMakeFiles/cmTC_5ac73.dir/CheckIncludeFile.c.o   -c /home/k8smaster/github/tools/yolov3/bash_scripts/build/CMakeFiles/CMakeTmp/CheckIncludeFile.c
Linking C executable cmTC_5ac73
/usr/bin/cmake -E cmake_link_script CMakeFiles/cmTC_5ac73.dir/link.txt --verbose=1
/usr/bin/cc    -fsigned-char -W -Wall -Werror=return-type -Werror=address -Werror=sequence-point -Wformat -Werror=format-security -Wmissing-declarations -Wmissing-prototypes -Wstrict-prototypes -Wundef -Winit-self -Wpointer-arith -Wshadow -Wuninitialized -Wno-comment -Wimplicit-fallthrough=3 -Wno-strict-overflow -fdiagnostics-show-option -Wno-long-long -pthread -fomit-frame-pointer -ffunction-sections -fdata-sections  -msse -msse2 -msse3 -fvisibility=hidden  -O3 -DNDEBUG  -DNDEBUG    -Wl,--gc-sections -Wl,--as-needed  CMakeFiles/cmTC_5ac73.dir/CheckIncludeFile.c.o  -o cmTC_5ac73 
make[1]: 디렉터리 '/home/k8smaster/github/tools/yolov3/bash_scripts/build/CMakeFiles/CMakeTmp' 나감


Determining if the memalign exist passed with the following output:
Change Dir: /home/k8smaster/github/tools/yolov3/bash_scripts/build/CMakeFiles/CMakeTmp

Run Build Command:"/usr/bin/make" "cmTC_e95eb/fast"
/usr/bin/make -f CMakeFiles/cmTC_e95eb.dir/build.make CMakeFiles/cmTC_e95eb.dir/build
make[1]: 디렉터리 '/home/k8smaster/github/tools/yolov3/bash_scripts/build/CMakeFiles/CMakeTmp' 들어감
Building C object CMakeFiles/cmTC_e95eb.dir/CheckSymbolExists.c.o
/usr/bin/cc   -fsigned-char -W -Wall -Werror=return-type -Werror=address -Werror=sequence-point -Wformat -Werror=format-security -Wmissing-declarations -Wmissing-prototypes -Wstrict-prototypes -Wundef -Winit-self -Wpointer-arith -Wshadow -Wuninitialized -Wno-comment -Wimplicit-fallthrough=3 -Wno-strict-overflow -fdiagnostics-show-option -Wno-long-long -pthread -fomit-frame-pointer -ffunction-sections -fdata-sections  -msse -msse2 -msse3 -fvisibility=hidden  -O3 -DNDEBUG  -DNDEBUG -fPIE   -o CMakeFiles/cmTC_e95eb.dir/CheckSymbolExists.c.o   -c /home/k8smaster/github/tools/yolov3/bash_scripts/build/CMakeFiles/CMakeTmp/CheckSymbolExists.c
Linking C executable cmTC_e95eb
/usr/bin/cmake -E cmake_link_script CMakeFiles/cmTC_e95eb.dir/link.txt --verbose=1
/usr/bin/cc    -fsigned-char -W -Wall -Werror=return-type -Werror=address -Werror=sequence-point -Wformat -Werror=format-security -Wmissing-declarations -Wmissing-prototypes -Wstrict-prototypes -Wundef -Winit-self -Wpointer-arith -Wshadow -Wuninitialized -Wno-comment -Wimplicit-fallthrough=3 -Wno-strict-overflow -fdiagnostics-show-option -Wno-long-long -pthread -fomit-frame-pointer -ffunction-sections -fdata-sections  -msse -msse2 -msse3 -fvisibility=hidden  -O3 -DNDEBUG  -DNDEBUG    -Wl,--gc-sections -Wl,--as-needed  CMakeFiles/cmTC_e95eb.dir/CheckSymbolExists.c.o  -o cmTC_e95eb 
make[1]: 디렉터리 '/home/k8smaster/github/tools/yolov3/bash_scripts/build/CMakeFiles/CMakeTmp' 나감

File /home/k8smaster/github/tools/yolov3/bash_scripts/build/CMakeFiles/CMakeTmp/CheckSymbolExists.c:
/* */
#include <malloc.h>

int main(int argc, char** argv)
{
  (void)argv;
#ifndef memalign
  return ((int*)(&memalign))[argc];
#else
  (void)argc;
  return 0;
#endif
}

Determining if the include file sys/types.h exists passed with the following output:
Change Dir: /home/k8smaster/github/tools/yolov3/bash_scripts/build/CMakeFiles/CMakeTmp

Run Build Command:"/usr/bin/make" "cmTC_230fe/fast"
/usr/bin/make -f CMakeFiles/cmTC_230fe.dir/build.make CMakeFiles/cmTC_230fe.dir/build
make[1]: 디렉터리 '/home/k8smaster/github/tools/yolov3/bash_scripts/build/CMakeFiles/CMakeTmp' 들어감
Building C object CMakeFiles/cmTC_230fe.dir/CheckIncludeFile.c.o
/usr/bin/cc   -fsigned-char -W -Wall -Werror=return-type -Werror=address -Werror=sequence-point -Wformat -Werror=format-security -Wmissing-declarations -Wmissing-prototypes -Wstrict-prototypes -Wundef -Winit-self -Wpointer-arith -Wshadow -Wuninitialized -Wno-comment -Wimplicit-fallthrough=3 -Wno-strict-overflow -fdiagnostics-show-option -Wno-long-long -pthread -fomit-frame-pointer -ffunction-sections -fdata-sections  -msse -msse2 -msse3 -fvisibility=hidden  -O3 -DNDEBUG  -DNDEBUG -fPIE   -o CMakeFiles/cmTC_230fe.dir/CheckIncludeFile.c.o   -c /home/k8smaster/github/tools/yolov3/bash_scripts/build/CMakeFiles/CMakeTmp/CheckIncludeFile.c
Linking C executable cmTC_230fe
/usr/bin/cmake -E cmake_link_script CMakeFiles/cmTC_230fe.dir/link.txt --verbose=1
/usr/bin/cc    -fsigned-char -W -Wall -Werror=return-type -Werror=address -Werror=sequence-point -Wformat -Werror=format-security -Wmissing-declarations -Wmissing-prototypes -Wstrict-prototypes -Wundef -Winit-self -Wpointer-arith -Wshadow -Wuninitialized -Wno-comment -Wimplicit-fallthrough=3 -Wno-strict-overflow -fdiagnostics-show-option -Wno-long-long -pthread -fomit-frame-pointer -ffunction-sections -fdata-sections  -msse -msse2 -msse3 -fvisibility=hidden  -O3 -DNDEBUG  -DNDEBUG    -Wl,--gc-sections -Wl,--as-needed  CMakeFiles/cmTC_230fe.dir/CheckIncludeFile.c.o  -o cmTC_230fe 
make[1]: 디렉터리 '/home/k8smaster/github/tools/yolov3/bash_scripts/build/CMakeFiles/CMakeTmp' 나감


Determining if the include file stdint.h exists passed with the following output:
Change Dir: /home/k8smaster/github/tools/yolov3/bash_scripts/build/CMakeFiles/CMakeTmp

Run Build Command:"/usr/bin/make" "cmTC_e4ef7/fast"
/usr/bin/make -f CMakeFiles/cmTC_e4ef7.dir/build.make CMakeFiles/cmTC_e4ef7.dir/build
make[1]: 디렉터리 '/home/k8smaster/github/tools/yolov3/bash_scripts/build/CMakeFiles/CMakeTmp' 들어감
Building C object CMakeFiles/cmTC_e4ef7.dir/CheckIncludeFile.c.o
/usr/bin/cc   -fsigned-char -W -Wall -Werror=return-type -Werror=address -Werror=sequence-point -Wformat -Werror=format-security -Wmissing-declarations -Wmissing-prototypes -Wstrict-prototypes -Wundef -Winit-self -Wpointer-arith -Wshadow -Wuninitialized -Wno-comment -Wimplicit-fallthrough=3 -Wno-strict-overflow -fdiagnostics-show-option -Wno-long-long -pthread -fomit-frame-pointer -ffunction-sections -fdata-sections  -msse -msse2 -msse3 -fvisibility=hidden  -O3 -DNDEBUG  -DNDEBUG -fPIE   -o CMakeFiles/cmTC_e4ef7.dir/CheckIncludeFile.c.o   -c /home/k8smaster/github/tools/yolov3/bash_scripts/build/CMakeFiles/CMakeTmp/CheckIncludeFile.c
Linking C executable cmTC_e4ef7
/usr/bin/cmake -E cmake_link_script CMakeFiles/cmTC_e4ef7.dir/link.txt --verbose=1
/usr/bin/cc    -fsigned-char -W -Wall -Werror=return-type -Werror=address -Werror=sequence-point -Wformat -Werror=format-security -Wmissing-declarations -Wmissing-prototypes -Wstrict-prototypes -Wundef -Winit-self -Wpointer-arith -Wshadow -Wuninitialized -Wno-comment -Wimplicit-fallthrough=3 -Wno-strict-overflow -fdiagnostics-show-option -Wno-long-long -pthread -fomit-frame-pointer -ffunction-sections -fdata-sections  -msse -msse2 -msse3 -fvisibility=hidden  -O3 -DNDEBUG  -DNDEBUG    -Wl,--gc-sections -Wl,--as-needed  CMakeFiles/cmTC_e4ef7.dir/CheckIncludeFile.c.o  -o cmTC_e4ef7 
make[1]: 디렉터리 '/home/k8smaster/github/tools/yolov3/bash_scripts/build/CMakeFiles/CMakeTmp' 나감


Determining if the include file stddef.h exists passed with the following output:
Change Dir: /home/k8smaster/github/tools/yolov3/bash_scripts/build/CMakeFiles/CMakeTmp

Run Build Command:"/usr/bin/make" "cmTC_67850/fast"
/usr/bin/make -f CMakeFiles/cmTC_67850.dir/build.make CMakeFiles/cmTC_67850.dir/build
make[1]: 디렉터리 '/home/k8smaster/github/tools/yolov3/bash_scripts/build/CMakeFiles/CMakeTmp' 들어감
Building C object CMakeFiles/cmTC_67850.dir/CheckIncludeFile.c.o
/usr/bin/cc   -fsigned-char -W -Wall -Werror=return-type -Werror=address -Werror=sequence-point -Wformat -Werror=format-security -Wmissing-declarations -Wmissing-prototypes -Wstrict-prototypes -Wundef -Winit-self -Wpointer-arith -Wshadow -Wuninitialized -Wno-comment -Wimplicit-fallthrough=3 -Wno-strict-overflow -fdiagnostics-show-option -Wno-long-long -pthread -fomit-frame-pointer -ffunction-sections -fdata-sections  -msse -msse2 -msse3 -fvisibility=hidden  -O3 -DNDEBUG  -DNDEBUG -fPIE   -o CMakeFiles/cmTC_67850.dir/CheckIncludeFile.c.o   -c /home/k8smaster/github/tools/yolov3/bash_scripts/build/CMakeFiles/CMakeTmp/CheckIncludeFile.c
Linking C executable cmTC_67850
/usr/bin/cmake -E cmake_link_script CMakeFiles/cmTC_67850.dir/link.txt --verbose=1
/usr/bin/cc    -fsigned-char -W -Wall -Werror=return-type -Werror=address -Werror=sequence-point -Wformat -Werror=format-security -Wmissing-declarations -Wmissing-prototypes -Wstrict-prototypes -Wundef -Winit-self -Wpointer-arith -Wshadow -Wuninitialized -Wno-comment -Wimplicit-fallthrough=3 -Wno-strict-overflow -fdiagnostics-show-option -Wno-long-long -pthread -fomit-frame-pointer -ffunction-sections -fdata-sections  -msse -msse2 -msse3 -fvisibility=hidden  -O3 -DNDEBUG  -DNDEBUG    -Wl,--gc-sections -Wl,--as-needed  CMakeFiles/cmTC_67850.dir/CheckIncludeFile.c.o  -o cmTC_67850 
make[1]: 디렉터리 '/home/k8smaster/github/tools/yolov3/bash_scripts/build/CMakeFiles/CMakeTmp' 나감


Determining size of unsigned short passed with the following output:
Change Dir: /home/k8smaster/github/tools/yolov3/bash_scripts/build/CMakeFiles/CMakeTmp

Run Build Command:"/usr/bin/make" "cmTC_aa3af/fast"
/usr/bin/make -f CMakeFiles/cmTC_aa3af.dir/build.make CMakeFiles/cmTC_aa3af.dir/build
make[1]: 디렉터리 '/home/k8smaster/github/tools/yolov3/bash_scripts/build/CMakeFiles/CMakeTmp' 들어감
Building C object CMakeFiles/cmTC_aa3af.dir/CMAKE_SIZEOF_UNSIGNED_SHORT.c.o
/usr/bin/cc   -fsigned-char -W -Wall -Werror=return-type -Werror=address -Werror=sequence-point -Wformat -Werror=format-security -Wmissing-declarations -Wmissing-prototypes -Wstrict-prototypes -Wundef -Winit-self -Wpointer-arith -Wshadow -Wuninitialized -Wno-comment -Wimplicit-fallthrough=3 -Wno-strict-overflow -fdiagnostics-show-option -Wno-long-long -pthread -fomit-frame-pointer -ffunction-sections -fdata-sections  -msse -msse2 -msse3 -fvisibility=hidden  -O3 -DNDEBUG  -DNDEBUG -fPIE   -o CMakeFiles/cmTC_aa3af.dir/CMAKE_SIZEOF_UNSIGNED_SHORT.c.o   -c /home/k8smaster/github/tools/yolov3/bash_scripts/build/CMakeFiles/CheckTypeSize/CMAKE_SIZEOF_UNSIGNED_SHORT.c
Linking C executable cmTC_aa3af
/usr/bin/cmake -E cmake_link_script CMakeFiles/cmTC_aa3af.dir/link.txt --verbose=1
/usr/bin/cc    -fsigned-char -W -Wall -Werror=return-type -Werror=address -Werror=sequence-point -Wformat -Werror=format-security -Wmissing-declarations -Wmissing-prototypes -Wstrict-prototypes -Wundef -Winit-self -Wpointer-arith -Wshadow -Wuninitialized -Wno-comment -Wimplicit-fallthrough=3 -Wno-strict-overflow -fdiagnostics-show-option -Wno-long-long -pthread -fomit-frame-pointer -ffunction-sections -fdata-sections  -msse -msse2 -msse3 -fvisibility=hidden  -O3 -DNDEBUG  -DNDEBUG    -Wl,--gc-sections -Wl,--as-needed  CMakeFiles/cmTC_aa3af.dir/CMAKE_SIZEOF_UNSIGNED_SHORT.c.o  -o cmTC_aa3af 
make[1]: 디렉터리 '/home/k8smaster/github/tools/yolov3/bash_scripts/build/CMakeFiles/CMakeTmp' 나감


Determining if the system is big endian passed with the following output:
Change Dir: /home/k8smaster/github/tools/yolov3/bash_scripts/build/CMakeFiles/CMakeTmp

Run Build Command:"/usr/bin/make" "cmTC_3c7ce/fast"
/usr/bin/make -f CMakeFiles/cmTC_3c7ce.dir/build.make CMakeFiles/cmTC_3c7ce.dir/build
make[1]: 디렉터리 '/home/k8smaster/github/tools/yolov3/bash_scripts/build/CMakeFiles/CMakeTmp' 들어감
Building C object CMakeFiles/cmTC_3c7ce.dir/TestEndianess.c.o
/usr/bin/cc   -fsigned-char -W -Wall -Werror=return-type -Werror=address -Werror=sequence-point -Wformat -Werror=format-security -Wmissing-declarations -Wmissing-prototypes -Wstrict-prototypes -Wundef -Winit-self -Wpointer-arith -Wshadow -Wuninitialized -Wno-comment -Wimplicit-fallthrough=3 -Wno-strict-overflow -fdiagnostics-show-option -Wno-long-long -pthread -fomit-frame-pointer -ffunction-sections -fdata-sections  -msse -msse2 -msse3 -fvisibility=hidden  -O3 -DNDEBUG  -DNDEBUG -fPIE   -o CMakeFiles/cmTC_3c7ce.dir/TestEndianess.c.o   -c /home/k8smaster/github/tools/yolov3/bash_scripts/build/CMakeFiles/CMakeTmp/TestEndianess.c
Linking C executable cmTC_3c7ce
/usr/bin/cmake -E cmake_link_script CMakeFiles/cmTC_3c7ce.dir/link.txt --verbose=1
/usr/bin/cc    -fsigned-char -W -Wall -Werror=return-type -Werror=address -Werror=sequence-point -Wformat -Werror=format-security -Wmissing-declarations -Wmissing-prototypes -Wstrict-prototypes -Wundef -Winit-self -Wpointer-arith -Wshadow -Wuninitialized -Wno-comment -Wimplicit-fallthrough=3 -Wno-strict-overflow -fdiagnostics-show-option -Wno-long-long -pthread -fomit-frame-pointer -ffunction-sections -fdata-sections  -msse -msse2 -msse3 -fvisibility=hidden  -O3 -DNDEBUG  -DNDEBUG    -Wl,--gc-sections -Wl,--as-needed  CMakeFiles/cmTC_3c7ce.dir/TestEndianess.c.o  -o cmTC_3c7ce 
make[1]: 디렉터리 '/home/k8smaster/github/tools/yolov3/bash_scripts/build/CMakeFiles/CMakeTmp' 나감

TestEndianess.c:
/* A 16 bit integer is required. */
typedef unsigned short cmakeint16;

/* On a little endian machine, these 16bit ints will give "THIS IS LITTLE ENDIAN."
   On a big endian machine the characters will be exchanged pairwise. */
const cmakeint16 info_little[] =  {0x4854, 0x5349, 0x4920, 0x2053, 0x494c, 0x5454, 0x454c, 0x4520, 0x444e, 0x4149, 0x2e4e, 0x0000};

/* on a big endian machine, these 16bit ints will give "THIS IS BIG ENDIAN."
   On a little endian machine the characters will be exchanged pairwise. */
const cmakeint16 info_big[] =     {0x5448, 0x4953, 0x2049, 0x5320, 0x4249, 0x4720, 0x454e, 0x4449, 0x414e, 0x2e2e, 0x0000};

#ifdef __CLASSIC_C__
int main(argc, argv) int argc; char *argv[];
#else
int main(int argc, char *argv[])
#endif
{
  int require = 0;
  require += info_little[argc];
  require += info_big[argc];
  (void)argv;
  return require;
}


Determining if the include file /usr/include/libpng/png.h exists passed with the following output:
Change Dir: /home/k8smaster/github/tools/yolov3/bash_scripts/build/CMakeFiles/CMakeTmp

Run Build Command:"/usr/bin/make" "cmTC_f3ed1/fast"
/usr/bin/make -f CMakeFiles/cmTC_f3ed1.dir/build.make CMakeFiles/cmTC_f3ed1.dir/build
make[1]: 디렉터리 '/home/k8smaster/github/tools/yolov3/bash_scripts/build/CMakeFiles/CMakeTmp' 들어감
Building C object CMakeFiles/cmTC_f3ed1.dir/CheckIncludeFile.c.o
/usr/bin/cc   -fsigned-char -W -Wall -Werror=return-type -Werror=address -Werror=sequence-point -Wformat -Werror=format-security -Wmissing-declarations -Wmissing-prototypes -Wstrict-prototypes -Wundef -Winit-self -Wpointer-arith -Wshadow -Wuninitialized -Wno-comment -Wimplicit-fallthrough=3 -Wno-strict-overflow -fdiagnostics-show-option -Wno-long-long -pthread -fomit-frame-pointer -ffunction-sections -fdata-sections  -msse -msse2 -msse3 -fvisibility=hidden  -O3 -DNDEBUG  -DNDEBUG -fPIE   -o CMakeFiles/cmTC_f3ed1.dir/CheckIncludeFile.c.o   -c /home/k8smaster/github/tools/yolov3/bash_scripts/build/CMakeFiles/CMakeTmp/CheckIncludeFile.c
Linking C executable cmTC_f3ed1
/usr/bin/cmake -E cmake_link_script CMakeFiles/cmTC_f3ed1.dir/link.txt --verbose=1
/usr/bin/cc    -fsigned-char -W -Wall -Werror=return-type -Werror=address -Werror=sequence-point -Wformat -Werror=format-security -Wmissing-declarations -Wmissing-prototypes -Wstrict-prototypes -Wundef -Winit-self -Wpointer-arith -Wshadow -Wuninitialized -Wno-comment -Wimplicit-fallthrough=3 -Wno-strict-overflow -fdiagnostics-show-option -Wno-long-long -pthread -fomit-frame-pointer -ffunction-sections -fdata-sections  -msse -msse2 -msse3 -fvisibility=hidden  -O3 -DNDEBUG  -DNDEBUG    -Wl,--gc-sections -Wl,--as-needed  CMakeFiles/cmTC_f3ed1.dir/CheckIncludeFile.c.o  -o cmTC_f3ed1 
make[1]: 디렉터리 '/home/k8smaster/github/tools/yolov3/bash_scripts/build/CMakeFiles/CMakeTmp' 나감


Determining if the function dgemm_ exists passed with the following output:
Change Dir: /home/k8smaster/github/tools/yolov3/bash_scripts/build/CMakeFiles/CMakeTmp

Run Build Command:"/usr/bin/make" "cmTC_fb3e9/fast"
/usr/bin/make -f CMakeFiles/cmTC_fb3e9.dir/build.make CMakeFiles/cmTC_fb3e9.dir/build
make[1]: 디렉터리 '/home/k8smaster/github/tools/yolov3/bash_scripts/build/CMakeFiles/CMakeTmp' 들어감
Building C object CMakeFiles/cmTC_fb3e9.dir/CheckFunctionExists.c.o
/usr/bin/cc   -fsigned-char -W -Wall -Werror=return-type -Werror=address -Werror=sequence-point -Wformat -Werror=format-security -Wmissing-declarations -Wmissing-prototypes -Wstrict-prototypes -Wundef -Winit-self -Wpointer-arith -Wshadow -Wuninitialized -Wno-comment -Wimplicit-fallthrough=3 -Wno-strict-overflow -fdiagnostics-show-option -Wno-long-long -pthread -fomit-frame-pointer -ffunction-sections -fdata-sections  -msse -msse2 -msse3 -fvisibility=hidden -DCHECK_FUNCTION_EXISTS=dgemm_ -O3 -DNDEBUG  -DNDEBUG -fPIE   -o CMakeFiles/cmTC_fb3e9.dir/CheckFunctionExists.c.o   -c /usr/share/cmake-3.10/Modules/CheckFunctionExists.c
Linking C executable cmTC_fb3e9
/usr/bin/cmake -E cmake_link_script CMakeFiles/cmTC_fb3e9.dir/link.txt --verbose=1
/usr/bin/cc    -fsigned-char -W -Wall -Werror=return-type -Werror=address -Werror=sequence-point -Wformat -Werror=format-security -Wmissing-declarations -Wmissing-prototypes -Wstrict-prototypes -Wundef -Winit-self -Wpointer-arith -Wshadow -Wuninitialized -Wno-comment -Wimplicit-fallthrough=3 -Wno-strict-overflow -fdiagnostics-show-option -Wno-long-long -pthread -fomit-frame-pointer -ffunction-sections -fdata-sections  -msse -msse2 -msse3 -fvisibility=hidden -DCHECK_FUNCTION_EXISTS=dgemm_ -O3 -DNDEBUG  -DNDEBUG    -Wl,--gc-sections -Wl,--as-needed  CMakeFiles/cmTC_fb3e9.dir/CheckFunctionExists.c.o  -o cmTC_fb3e9 /usr/lib/x86_64-linux-gnu/libf77blas.so /usr/lib/x86_64-linux-gnu/libatlas.so 
make[1]: 디렉터리 '/home/k8smaster/github/tools/yolov3/bash_scripts/build/CMakeFiles/CMakeTmp' 나감


Determining if the include file pthread.h exists passed with the following output:
Change Dir: /home/k8smaster/github/tools/yolov3/bash_scripts/build/CMakeFiles/CMakeTmp

Run Build Command:"/usr/bin/make" "cmTC_f41fe/fast"
/usr/bin/make -f CMakeFiles/cmTC_f41fe.dir/build.make CMakeFiles/cmTC_f41fe.dir/build
make[1]: 디렉터리 '/home/k8smaster/github/tools/yolov3/bash_scripts/build/CMakeFiles/CMakeTmp' 들어감
Building C object CMakeFiles/cmTC_f41fe.dir/CheckIncludeFile.c.o
/usr/bin/cc   -fsigned-char -W -Wall -Werror=return-type -Werror=address -Werror=sequence-point -Wformat -Werror=format-security -Wmissing-declarations -Wmissing-prototypes -Wstrict-prototypes -Wundef -Winit-self -Wpointer-arith -Wshadow -Wuninitialized -Wno-comment -Wimplicit-fallthrough=3 -Wno-strict-overflow -fdiagnostics-show-option -Wno-long-long -pthread -fomit-frame-pointer -ffunction-sections -fdata-sections  -msse -msse2 -msse3 -fvisibility=hidden  -O3 -DNDEBUG  -DNDEBUG -fPIE   -o CMakeFiles/cmTC_f41fe.dir/CheckIncludeFile.c.o   -c /home/k8smaster/github/tools/yolov3/bash_scripts/build/CMakeFiles/CMakeTmp/CheckIncludeFile.c
Linking C executable cmTC_f41fe
/usr/bin/cmake -E cmake_link_script CMakeFiles/cmTC_f41fe.dir/link.txt --verbose=1
/usr/bin/cc    -fsigned-char -W -Wall -Werror=return-type -Werror=address -Werror=sequence-point -Wformat -Werror=format-security -Wmissing-declarations -Wmissing-prototypes -Wstrict-prototypes -Wundef -Winit-self -Wpointer-arith -Wshadow -Wuninitialized -Wno-comment -Wimplicit-fallthrough=3 -Wno-strict-overflow -fdiagnostics-show-option -Wno-long-long -pthread -fomit-frame-pointer -ffunction-sections -fdata-sections  -msse -msse2 -msse3 -fvisibility=hidden  -O3 -DNDEBUG  -DNDEBUG    -Wl,--gc-sections -Wl,--as-needed  CMakeFiles/cmTC_f41fe.dir/CheckIncludeFile.c.o  -o cmTC_f41fe 
make[1]: 디렉터리 '/home/k8smaster/github/tools/yolov3/bash_scripts/build/CMakeFiles/CMakeTmp' 나감


Determining if the pthread_create exist passed with the following output:
Change Dir: /home/k8smaster/github/tools/yolov3/bash_scripts/build/CMakeFiles/CMakeTmp

Run Build Command:"/usr/bin/make" "cmTC_89d79/fast"
/usr/bin/make -f CMakeFiles/cmTC_89d79.dir/build.make CMakeFiles/cmTC_89d79.dir/build
make[1]: 디렉터리 '/home/k8smaster/github/tools/yolov3/bash_scripts/build/CMakeFiles/CMakeTmp' 들어감
Building C object CMakeFiles/cmTC_89d79.dir/CheckSymbolExists.c.o
/usr/bin/cc   -fsigned-char -W -Wall -Werror=return-type -Werror=address -Werror=sequence-point -Wformat -Werror=format-security -Wmissing-declarations -Wmissing-prototypes -Wstrict-prototypes -Wundef -Winit-self -Wpointer-arith -Wshadow -Wuninitialized -Wno-comment -Wimplicit-fallthrough=3 -Wno-strict-overflow -fdiagnostics-show-option -Wno-long-long -pthread -fomit-frame-pointer -ffunction-sections -fdata-sections  -msse -msse2 -msse3 -fvisibility=hidden  -O3 -DNDEBUG  -DNDEBUG -fPIE   -o CMakeFiles/cmTC_89d79.dir/CheckSymbolExists.c.o   -c /home/k8smaster/github/tools/yolov3/bash_scripts/build/CMakeFiles/CMakeTmp/CheckSymbolExists.c
Linking C executable cmTC_89d79
/usr/bin/cmake -E cmake_link_script CMakeFiles/cmTC_89d79.dir/link.txt --verbose=1
/usr/bin/cc    -fsigned-char -W -Wall -Werror=return-type -Werror=address -Werror=sequence-point -Wformat -Werror=format-security -Wmissing-declarations -Wmissing-prototypes -Wstrict-prototypes -Wundef -Winit-self -Wpointer-arith -Wshadow -Wuninitialized -Wno-comment -Wimplicit-fallthrough=3 -Wno-strict-overflow -fdiagnostics-show-option -Wno-long-long -pthread -fomit-frame-pointer -ffunction-sections -fdata-sections  -msse -msse2 -msse3 -fvisibility=hidden  -O3 -DNDEBUG  -DNDEBUG    -Wl,--gc-sections -Wl,--as-needed  CMakeFiles/cmTC_89d79.dir/CheckSymbolExists.c.o  -o cmTC_89d79 
make[1]: 디렉터리 '/home/k8smaster/github/tools/yolov3/bash_scripts/build/CMakeFiles/CMakeTmp' 나감

File /home/k8smaster/github/tools/yolov3/bash_scripts/build/CMakeFiles/CMakeTmp/CheckSymbolExists.c:
/* */
#include <pthread.h>

int main(int argc, char** argv)
{
  (void)argv;
#ifndef pthread_create
  return ((int*)(&pthread_create))[argc];
#else
  (void)argc;
  return 0;
#endif
}

Determining if the function cheev_ exists passed with the following output:
Change Dir: /home/k8smaster/github/tools/yolov3/bash_scripts/build/CMakeFiles/CMakeTmp

Run Build Command:"/usr/bin/make" "cmTC_48b75/fast"
/usr/bin/make -f CMakeFiles/cmTC_48b75.dir/build.make CMakeFiles/cmTC_48b75.dir/build
make[1]: 디렉터리 '/home/k8smaster/github/tools/yolov3/bash_scripts/build/CMakeFiles/CMakeTmp' 들어감
Building C object CMakeFiles/cmTC_48b75.dir/CheckFunctionExists.c.o
/usr/bin/cc   -fsigned-char -W -Wall -Werror=return-type -Werror=address -Werror=sequence-point -Wformat -Werror=format-security -Wmissing-declarations -Wmissing-prototypes -Wstrict-prototypes -Wundef -Winit-self -Wpointer-arith -Wshadow -Wuninitialized -Wno-comment -Wimplicit-fallthrough=3 -Wno-strict-overflow -fdiagnostics-show-option -Wno-long-long -pthread -fomit-frame-pointer -ffunction-sections -fdata-sections  -msse -msse2 -msse3 -fvisibility=hidden -DCHECK_FUNCTION_EXISTS=cheev_ -O3 -DNDEBUG  -DNDEBUG -fPIE   -o CMakeFiles/cmTC_48b75.dir/CheckFunctionExists.c.o   -c /usr/share/cmake-3.10/Modules/CheckFunctionExists.c
Linking C executable cmTC_48b75
/usr/bin/cmake -E cmake_link_script CMakeFiles/cmTC_48b75.dir/link.txt --verbose=1
/usr/bin/cc    -fsigned-char -W -Wall -Werror=return-type -Werror=address -Werror=sequence-point -Wformat -Werror=format-security -Wmissing-declarations -Wmissing-prototypes -Wstrict-prototypes -Wundef -Winit-self -Wpointer-arith -Wshadow -Wuninitialized -Wno-comment -Wimplicit-fallthrough=3 -Wno-strict-overflow -fdiagnostics-show-option -Wno-long-long -pthread -fomit-frame-pointer -ffunction-sections -fdata-sections  -msse -msse2 -msse3 -fvisibility=hidden -DCHECK_FUNCTION_EXISTS=cheev_ -O3 -DNDEBUG  -DNDEBUG    -Wl,--gc-sections -Wl,--as-needed  CMakeFiles/cmTC_48b75.dir/CheckFunctionExists.c.o  -o cmTC_48b75 /usr/lib/x86_64-linux-gnu/liblapack.so /usr/lib/x86_64-linux-gnu/libf77blas.so /usr/lib/x86_64-linux-gnu/libatlas.so 
make[1]: 디렉터리 '/home/k8smaster/github/tools/yolov3/bash_scripts/build/CMakeFiles/CMakeTmp' 나감


Determining if the function dlerror exists in the dl passed with the following output:
Change Dir: /home/k8smaster/github/tools/yolov3/bash_scripts/build/CMakeFiles/CMakeTmp

Run Build Command:"/usr/bin/make" "cmTC_aadcc/fast"
/usr/bin/make -f CMakeFiles/cmTC_aadcc.dir/build.make CMakeFiles/cmTC_aadcc.dir/build
make[1]: 디렉터리 '/home/k8smaster/github/tools/yolov3/bash_scripts/build/CMakeFiles/CMakeTmp' 들어감
Building C object CMakeFiles/cmTC_aadcc.dir/CheckFunctionExists.c.o
/usr/bin/cc   -fsigned-char -W -Wall -Werror=return-type -Werror=address -Werror=sequence-point -Wformat -Werror=format-security -Wmissing-declarations -Wmissing-prototypes -Wstrict-prototypes -Wundef -Winit-self -Wpointer-arith -Wshadow -Wuninitialized -Wno-comment -Wimplicit-fallthrough=3 -Wno-strict-overflow -fdiagnostics-show-option -Wno-long-long -pthread -fomit-frame-pointer -ffunction-sections -fdata-sections  -msse -msse2 -msse3 -fvisibility=hidden -DCHECK_FUNCTION_EXISTS=dlerror -O3 -DNDEBUG  -DNDEBUG -fPIE   -o CMakeFiles/cmTC_aadcc.dir/CheckFunctionExists.c.o   -c /usr/share/cmake-3.10/Modules/CheckFunctionExists.c
Linking C executable cmTC_aadcc
/usr/bin/cmake -E cmake_link_script CMakeFiles/cmTC_aadcc.dir/link.txt --verbose=1
/usr/bin/cc    -fsigned-char -W -Wall -Werror=return-type -Werror=address -Werror=sequence-point -Wformat -Werror=format-security -Wmissing-declarations -Wmissing-prototypes -Wstrict-prototypes -Wundef -Winit-self -Wpointer-arith -Wshadow -Wuninitialized -Wno-comment -Wimplicit-fallthrough=3 -Wno-strict-overflow -fdiagnostics-show-option -Wno-long-long -pthread -fomit-frame-pointer -ffunction-sections -fdata-sections  -msse -msse2 -msse3 -fvisibility=hidden -DCHECK_FUNCTION_EXISTS=dlerror -O3 -DNDEBUG  -DNDEBUG    -Wl,--gc-sections -Wl,--as-needed  CMakeFiles/cmTC_aadcc.dir/CheckFunctionExists.c.o  -o cmTC_aadcc -ldl 
make[1]: 디렉터리 '/home/k8smaster/github/tools/yolov3/bash_scripts/build/CMakeFiles/CMakeTmp' 나감


Determining if the include file linux/videodev2.h exists passed with the following output:
Change Dir: /home/k8smaster/github/tools/yolov3/bash_scripts/build/CMakeFiles/CMakeTmp

Run Build Command:"/usr/bin/make" "cmTC_65ac8/fast"
/usr/bin/make -f CMakeFiles/cmTC_65ac8.dir/build.make CMakeFiles/cmTC_65ac8.dir/build
make[1]: 디렉터리 '/home/k8smaster/github/tools/yolov3/bash_scripts/build/CMakeFiles/CMakeTmp' 들어감
Building C object CMakeFiles/cmTC_65ac8.dir/CheckIncludeFile.c.o
/usr/bin/cc   -fsigned-char -W -Wall -Werror=return-type -Werror=address -Werror=sequence-point -Wformat -Werror=format-security -Wmissing-declarations -Wmissing-prototypes -Wstrict-prototypes -Wundef -Winit-self -Wpointer-arith -Wshadow -Wuninitialized -Wno-comment -Wimplicit-fallthrough=3 -Wno-strict-overflow -fdiagnostics-show-option -Wno-long-long -pthread -fomit-frame-pointer -ffunction-sections -fdata-sections  -msse -msse2 -msse3 -fvisibility=hidden  -O3 -DNDEBUG  -DNDEBUG -fPIE   -o CMakeFiles/cmTC_65ac8.dir/CheckIncludeFile.c.o   -c /home/k8smaster/github/tools/yolov3/bash_scripts/build/CMakeFiles/CMakeTmp/CheckIncludeFile.c
Linking C executable cmTC_65ac8
/usr/bin/cmake -E cmake_link_script CMakeFiles/cmTC_65ac8.dir/link.txt --verbose=1
/usr/bin/cc    -fsigned-char -W -Wall -Werror=return-type -Werror=address -Werror=sequence-point -Wformat -Werror=format-security -Wmissing-declarations -Wmissing-prototypes -Wstrict-prototypes -Wundef -Winit-self -Wpointer-arith -Wshadow -Wuninitialized -Wno-comment -Wimplicit-fallthrough=3 -Wno-strict-overflow -fdiagnostics-show-option -Wno-long-long -pthread -fomit-frame-pointer -ffunction-sections -fdata-sections  -msse -msse2 -msse3 -fvisibility=hidden  -O3 -DNDEBUG  -DNDEBUG    -Wl,--gc-sections -Wl,--as-needed  CMakeFiles/cmTC_65ac8.dir/CheckIncludeFile.c.o  -o cmTC_65ac8 
make[1]: 디렉터리 '/home/k8smaster/github/tools/yolov3/bash_scripts/build/CMakeFiles/CMakeTmp' 나감


