Build output check failed:
    Regex: 'argument .* is not valid'
    Output line: 'cc1: warning: ‘-Werror=’ argument ‘-Werror=non-virtual-dtor’ is not valid for C'
Compilation failed:
    source file: '/home/k8smaster/github/tools/yolov3/bash_scripts/build/CMakeFiles/CMakeTmp/src.c'
    check option: ' -fsigned-char -W -Wall -Werror=return-type  -Werror=non-virtual-dtor'
===== BUILD LOG =====
Change Dir: /home/k8smaster/github/tools/yolov3/bash_scripts/build/CMakeFiles/CMakeTmp

Run Build Command:"/usr/bin/make" "cmTC_39c60/fast"
/usr/bin/make -f CMakeFiles/cmTC_39c60.dir/build.make CMakeFiles/cmTC_39c60.dir/build
make[1]: 디렉터리 '/home/k8smaster/github/tools/yolov3/bash_scripts/build/CMakeFiles/CMakeTmp' 들어감
Building C object CMakeFiles/cmTC_39c60.dir/src.c.o
/usr/bin/cc   -O3 -DNDEBUG -fPIE   -fsigned-char -W -Wall -Werror=return-type -Werror=non-virtual-dtor -o CMakeFiles/cmTC_39c60.dir/src.c.o   -c /home/k8smaster/github/tools/yolov3/bash_scripts/build/CMakeFiles/CMakeTmp/src.c
cc1: warning: ‘-Werror=’ argument ‘-Werror=non-virtual-dtor’ is not valid for C
/home/k8smaster/github/tools/yolov3/bash_scripts/build/CMakeFiles/CMakeTmp/src.c:1:0: warning: ignoring #pragma   [-Wunknown-pragmas]
 #pragma
 
Linking C executable cmTC_39c60
/usr/bin/cmake -E cmake_link_script CMakeFiles/cmTC_39c60.dir/link.txt --verbose=1
/usr/bin/cc   -O3 -DNDEBUG    CMakeFiles/cmTC_39c60.dir/src.c.o  -o cmTC_39c60 
make[1]: 디렉터리 '/home/k8smaster/github/tools/yolov3/bash_scripts/build/CMakeFiles/CMakeTmp' 나감

===== END =====

Build output check failed:
    Regex: 'command[- ]line option .* is valid for .* but not for C\+\+'
    Output line: 'cc1plus: warning: command line option ‘-Wmissing-prototypes’ is valid for C/ObjC but not for C++'
Compilation failed:
    source file: '/home/k8smaster/github/tools/yolov3/bash_scripts/build/CMakeFiles/CMakeTmp/src.cxx'
    check option: ' -fsigned-char -W -Wall -Werror=return-type -Werror=non-virtual-dtor -Werror=address -Werror=sequence-point -Wformat -Werror=format-security -Wmissing-declarations  -Wmissing-prototypes'
===== BUILD LOG =====
Change Dir: /home/k8smaster/github/tools/yolov3/bash_scripts/build/CMakeFiles/CMakeTmp

Run Build Command:"/usr/bin/make" "cmTC_5dc31/fast"
/usr/bin/make -f CMakeFiles/cmTC_5dc31.dir/build.make CMakeFiles/cmTC_5dc31.dir/build
make[1]: 디렉터리 '/home/k8smaster/github/tools/yolov3/bash_scripts/build/CMakeFiles/CMakeTmp' 들어감
Building CXX object CMakeFiles/cmTC_5dc31.dir/src.cxx.o
/usr/bin/c++    -O3 -DNDEBUG -fPIE   -fsigned-char -W -Wall -Werror=return-type -Werror=non-virtual-dtor -Werror=address -Werror=sequence-point -Wformat -Werror=format-security -Wmissing-declarations -Wmissing-prototypes -std=c++11 -o CMakeFiles/cmTC_5dc31.dir/src.cxx.o -c /home/k8smaster/github/tools/yolov3/bash_scripts/build/CMakeFiles/CMakeTmp/src.cxx
cc1plus: warning: command line option ‘-Wmissing-prototypes’ is valid for C/ObjC but not for C++
/home/k8smaster/github/tools/yolov3/bash_scripts/build/CMakeFiles/CMakeTmp/src.cxx:1:0: warning: ignoring #pragma   [-Wunknown-pragmas]
 #pragma
 
Linking CXX executable cmTC_5dc31
/usr/bin/cmake -E cmake_link_script CMakeFiles/cmTC_5dc31.dir/link.txt --verbose=1
/usr/bin/c++    -O3 -DNDEBUG    CMakeFiles/cmTC_5dc31.dir/src.cxx.o  -o cmTC_5dc31 
make[1]: 디렉터리 '/home/k8smaster/github/tools/yolov3/bash_scripts/build/CMakeFiles/CMakeTmp' 나감

===== END =====

Build output check failed:
    Regex: 'command[- ]line option .* is valid for .* but not for C\+\+'
    Output line: 'cc1plus: warning: command line option ‘-Wstrict-prototypes’ is valid for C/ObjC but not for C++'
Compilation failed:
    source file: '/home/k8smaster/github/tools/yolov3/bash_scripts/build/CMakeFiles/CMakeTmp/src.cxx'
    check option: ' -fsigned-char -W -Wall -Werror=return-type -Werror=non-virtual-dtor -Werror=address -Werror=sequence-point -Wformat -Werror=format-security -Wmissing-declarations  -Wstrict-prototypes'
===== BUILD LOG =====
Change Dir: /home/k8smaster/github/tools/yolov3/bash_scripts/build/CMakeFiles/CMakeTmp

Run Build Command:"/usr/bin/make" "cmTC_68809/fast"
/usr/bin/make -f CMakeFiles/cmTC_68809.dir/build.make CMakeFiles/cmTC_68809.dir/build
make[1]: 디렉터리 '/home/k8smaster/github/tools/yolov3/bash_scripts/build/CMakeFiles/CMakeTmp' 들어감
Building CXX object CMakeFiles/cmTC_68809.dir/src.cxx.o
/usr/bin/c++    -O3 -DNDEBUG -fPIE   -fsigned-char -W -Wall -Werror=return-type -Werror=non-virtual-dtor -Werror=address -Werror=sequence-point -Wformat -Werror=format-security -Wmissing-declarations -Wstrict-prototypes -std=c++11 -o CMakeFiles/cmTC_68809.dir/src.cxx.o -c /home/k8smaster/github/tools/yolov3/bash_scripts/build/CMakeFiles/CMakeTmp/src.cxx
cc1plus: warning: command line option ‘-Wstrict-prototypes’ is valid for C/ObjC but not for C++
/home/k8smaster/github/tools/yolov3/bash_scripts/build/CMakeFiles/CMakeTmp/src.cxx:1:0: warning: ignoring #pragma   [-Wunknown-pragmas]
 #pragma
 
Linking CXX executable cmTC_68809
/usr/bin/cmake -E cmake_link_script CMakeFiles/cmTC_68809.dir/link.txt --verbose=1
/usr/bin/c++    -O3 -DNDEBUG    CMakeFiles/cmTC_68809.dir/src.cxx.o  -o cmTC_68809 
make[1]: 디렉터리 '/home/k8smaster/github/tools/yolov3/bash_scripts/build/CMakeFiles/CMakeTmp' 나감

===== END =====

Build output check failed:
    Regex: 'command[- ]line option .* is valid for .* but not for C'
    Output line: 'cc1: warning: command line option ‘-Wsign-promo’ is valid for C++/ObjC++ but not for C'
Compilation failed:
    source file: '/home/k8smaster/github/tools/yolov3/bash_scripts/build/CMakeFiles/CMakeTmp/src.c'
    check option: ' -fsigned-char -W -Wall -Werror=return-type -Werror=address -Werror=sequence-point -Wformat -Werror=format-security -Wmissing-declarations -Wmissing-prototypes -Wstrict-prototypes -Wundef -Winit-self -Wpointer-arith -Wshadow  -Wsign-promo'
===== BUILD LOG =====
Change Dir: /home/k8smaster/github/tools/yolov3/bash_scripts/build/CMakeFiles/CMakeTmp

Run Build Command:"/usr/bin/make" "cmTC_57f5a/fast"
/usr/bin/make -f CMakeFiles/cmTC_57f5a.dir/build.make CMakeFiles/cmTC_57f5a.dir/build
make[1]: 디렉터리 '/home/k8smaster/github/tools/yolov3/bash_scripts/build/CMakeFiles/CMakeTmp' 들어감
Building C object CMakeFiles/cmTC_57f5a.dir/src.c.o
/usr/bin/cc   -O3 -DNDEBUG -fPIE   -fsigned-char -W -Wall -Werror=return-type -Werror=address -Werror=sequence-point -Wformat -Werror=format-security -Wmissing-declarations -Wmissing-prototypes -Wstrict-prototypes -Wundef -Winit-self -Wpointer-arith -Wshadow -Wsign-promo -o CMakeFiles/cmTC_57f5a.dir/src.c.o   -c /home/k8smaster/github/tools/yolov3/bash_scripts/build/CMakeFiles/CMakeTmp/src.c
cc1: warning: command line option ‘-Wsign-promo’ is valid for C++/ObjC++ but not for C
/home/k8smaster/github/tools/yolov3/bash_scripts/build/CMakeFiles/CMakeTmp/src.c:1:0: warning: ignoring #pragma   [-Wunknown-pragmas]
 #pragma
 
Linking C executable cmTC_57f5a
/usr/bin/cmake -E cmake_link_script CMakeFiles/cmTC_57f5a.dir/link.txt --verbose=1
/usr/bin/cc   -O3 -DNDEBUG    CMakeFiles/cmTC_57f5a.dir/src.c.o  -o cmTC_57f5a 
make[1]: 디렉터리 '/home/k8smaster/github/tools/yolov3/bash_scripts/build/CMakeFiles/CMakeTmp' 나감

===== END =====

Build output check failed:
    Regex: 'command[- ]line option .* is valid for .* but not for C'
    Output line: 'cc1: warning: command line option ‘-Wsuggest-override’ is valid for C++/ObjC++ but not for C'
Compilation failed:
    source file: '/home/k8smaster/github/tools/yolov3/bash_scripts/build/CMakeFiles/CMakeTmp/src.c'
    check option: ' -fsigned-char -W -Wall -Werror=return-type -Werror=address -Werror=sequence-point -Wformat -Werror=format-security -Wmissing-declarations -Wmissing-prototypes -Wstrict-prototypes -Wundef -Winit-self -Wpointer-arith -Wshadow -Wuninitialized  -Wsuggest-override'
===== BUILD LOG =====
Change Dir: /home/k8smaster/github/tools/yolov3/bash_scripts/build/CMakeFiles/CMakeTmp

Run Build Command:"/usr/bin/make" "cmTC_1e79e/fast"
/usr/bin/make -f CMakeFiles/cmTC_1e79e.dir/build.make CMakeFiles/cmTC_1e79e.dir/build
make[1]: 디렉터리 '/home/k8smaster/github/tools/yolov3/bash_scripts/build/CMakeFiles/CMakeTmp' 들어감
Building C object CMakeFiles/cmTC_1e79e.dir/src.c.o
/usr/bin/cc   -O3 -DNDEBUG -fPIE   -fsigned-char -W -Wall -Werror=return-type -Werror=address -Werror=sequence-point -Wformat -Werror=format-security -Wmissing-declarations -Wmissing-prototypes -Wstrict-prototypes -Wundef -Winit-self -Wpointer-arith -Wshadow -Wuninitialized -Wsuggest-override -o CMakeFiles/cmTC_1e79e.dir/src.c.o   -c /home/k8smaster/github/tools/yolov3/bash_scripts/build/CMakeFiles/CMakeTmp/src.c
cc1: warning: command line option ‘-Wsuggest-override’ is valid for C++/ObjC++ but not for C
/home/k8smaster/github/tools/yolov3/bash_scripts/build/CMakeFiles/CMakeTmp/src.c:1:0: warning: ignoring #pragma   [-Wunknown-pragmas]
 #pragma
 
Linking C executable cmTC_1e79e
/usr/bin/cmake -E cmake_link_script CMakeFiles/cmTC_1e79e.dir/link.txt --verbose=1
/usr/bin/cc   -O3 -DNDEBUG    CMakeFiles/cmTC_1e79e.dir/src.c.o  -o cmTC_1e79e 
make[1]: 디렉터리 '/home/k8smaster/github/tools/yolov3/bash_scripts/build/CMakeFiles/CMakeTmp' 나감

===== END =====

Build output check failed:
    Regex: 'command[- ]line option .* is valid for .* but not for C'
    Output line: 'cc1: warning: command line option ‘-Wno-delete-non-virtual-dtor’ is valid for C++/ObjC++ but not for C'
Compilation failed:
    source file: '/home/k8smaster/github/tools/yolov3/bash_scripts/build/CMakeFiles/CMakeTmp/src.c'
    check option: ' -fsigned-char -W -Wall -Werror=return-type -Werror=address -Werror=sequence-point -Wformat -Werror=format-security -Wmissing-declarations -Wmissing-prototypes -Wstrict-prototypes -Wundef -Winit-self -Wpointer-arith -Wshadow -Wuninitialized  -Wno-delete-non-virtual-dtor'
===== BUILD LOG =====
Change Dir: /home/k8smaster/github/tools/yolov3/bash_scripts/build/CMakeFiles/CMakeTmp

Run Build Command:"/usr/bin/make" "cmTC_8fba6/fast"
/usr/bin/make -f CMakeFiles/cmTC_8fba6.dir/build.make CMakeFiles/cmTC_8fba6.dir/build
make[1]: 디렉터리 '/home/k8smaster/github/tools/yolov3/bash_scripts/build/CMakeFiles/CMakeTmp' 들어감
Building C object CMakeFiles/cmTC_8fba6.dir/src.c.o
/usr/bin/cc   -O3 -DNDEBUG -fPIE   -fsigned-char -W -Wall -Werror=return-type -Werror=address -Werror=sequence-point -Wformat -Werror=format-security -Wmissing-declarations -Wmissing-prototypes -Wstrict-prototypes -Wundef -Winit-self -Wpointer-arith -Wshadow -Wuninitialized -Wno-delete-non-virtual-dtor -o CMakeFiles/cmTC_8fba6.dir/src.c.o   -c /home/k8smaster/github/tools/yolov3/bash_scripts/build/CMakeFiles/CMakeTmp/src.c
cc1: warning: command line option ‘-Wno-delete-non-virtual-dtor’ is valid for C++/ObjC++ but not for C
/home/k8smaster/github/tools/yolov3/bash_scripts/build/CMakeFiles/CMakeTmp/src.c:1:0: warning: ignoring #pragma   [-Wunknown-pragmas]
 #pragma
 
Linking C executable cmTC_8fba6
/usr/bin/cmake -E cmake_link_script CMakeFiles/cmTC_8fba6.dir/link.txt --verbose=1
/usr/bin/cc   -O3 -DNDEBUG    CMakeFiles/cmTC_8fba6.dir/src.c.o  -o cmTC_8fba6 
make[1]: 디렉터리 '/home/k8smaster/github/tools/yolov3/bash_scripts/build/CMakeFiles/CMakeTmp' 나감

===== END =====

Build output check failed:
    Regex: 'unrecognized .*option'
    Output line: 'cc1plus: warning: unrecognized command line option ‘-Wno-unnamed-type-template-args’'
Compilation failed:
    source file: '/home/k8smaster/github/tools/yolov3/bash_scripts/build/CMakeFiles/CMakeTmp/src.cxx'
    check option: ' -fsigned-char -W -Wall -Werror=return-type -Werror=non-virtual-dtor -Werror=address -Werror=sequence-point -Wformat -Werror=format-security -Wmissing-declarations -Wundef -Winit-self -Wpointer-arith -Wshadow -Wsign-promo -Wuninitialized -Wsuggest-override -Wno-delete-non-virtual-dtor  -Wno-unnamed-type-template-args'
===== BUILD LOG =====
Change Dir: /home/k8smaster/github/tools/yolov3/bash_scripts/build/CMakeFiles/CMakeTmp

Run Build Command:"/usr/bin/make" "cmTC_d2e46/fast"
/usr/bin/make -f CMakeFiles/cmTC_d2e46.dir/build.make CMakeFiles/cmTC_d2e46.dir/build
make[1]: 디렉터리 '/home/k8smaster/github/tools/yolov3/bash_scripts/build/CMakeFiles/CMakeTmp' 들어감
Building CXX object CMakeFiles/cmTC_d2e46.dir/src.cxx.o
/usr/bin/c++    -O3 -DNDEBUG -fPIE   -fsigned-char -W -Wall -Werror=return-type -Werror=non-virtual-dtor -Werror=address -Werror=sequence-point -Wformat -Werror=format-security -Wmissing-declarations -Wundef -Winit-self -Wpointer-arith -Wshadow -Wsign-promo -Wuninitialized -Wsuggest-override -Wno-delete-non-virtual-dtor -Wno-unnamed-type-template-args -std=c++11 -o CMakeFiles/cmTC_d2e46.dir/src.cxx.o -c /home/k8smaster/github/tools/yolov3/bash_scripts/build/CMakeFiles/CMakeTmp/src.cxx
/home/k8smaster/github/tools/yolov3/bash_scripts/build/CMakeFiles/CMakeTmp/src.cxx:1:0: warning: ignoring #pragma   [-Wunknown-pragmas]
 #pragma
 
cc1plus: warning: unrecognized command line option ‘-Wno-unnamed-type-template-args’
Linking CXX executable cmTC_d2e46
/usr/bin/cmake -E cmake_link_script CMakeFiles/cmTC_d2e46.dir/link.txt --verbose=1
/usr/bin/c++    -O3 -DNDEBUG    CMakeFiles/cmTC_d2e46.dir/src.cxx.o  -o cmTC_d2e46 
make[1]: 디렉터리 '/home/k8smaster/github/tools/yolov3/bash_scripts/build/CMakeFiles/CMakeTmp' 나감

===== END =====

Build output check failed:
    Regex: 'unrecognized .*option'
    Output line: 'cc1: warning: unrecognized command line option ‘-Wno-unnamed-type-template-args’'
Compilation failed:
    source file: '/home/k8smaster/github/tools/yolov3/bash_scripts/build/CMakeFiles/CMakeTmp/src.c'
    check option: ' -fsigned-char -W -Wall -Werror=return-type -Werror=address -Werror=sequence-point -Wformat -Werror=format-security -Wmissing-declarations -Wmissing-prototypes -Wstrict-prototypes -Wundef -Winit-self -Wpointer-arith -Wshadow -Wuninitialized  -Wno-unnamed-type-template-args'
===== BUILD LOG =====
Change Dir: /home/k8smaster/github/tools/yolov3/bash_scripts/build/CMakeFiles/CMakeTmp

Run Build Command:"/usr/bin/make" "cmTC_b98c2/fast"
/usr/bin/make -f CMakeFiles/cmTC_b98c2.dir/build.make CMakeFiles/cmTC_b98c2.dir/build
make[1]: 디렉터리 '/home/k8smaster/github/tools/yolov3/bash_scripts/build/CMakeFiles/CMakeTmp' 들어감
Building C object CMakeFiles/cmTC_b98c2.dir/src.c.o
/usr/bin/cc   -O3 -DNDEBUG -fPIE   -fsigned-char -W -Wall -Werror=return-type -Werror=address -Werror=sequence-point -Wformat -Werror=format-security -Wmissing-declarations -Wmissing-prototypes -Wstrict-prototypes -Wundef -Winit-self -Wpointer-arith -Wshadow -Wuninitialized -Wno-unnamed-type-template-args -o CMakeFiles/cmTC_b98c2.dir/src.c.o   -c /home/k8smaster/github/tools/yolov3/bash_scripts/build/CMakeFiles/CMakeTmp/src.c
/home/k8smaster/github/tools/yolov3/bash_scripts/build/CMakeFiles/CMakeTmp/src.c:1:0: warning: ignoring #pragma   [-Wunknown-pragmas]
 #pragma
 
cc1: warning: unrecognized command line option ‘-Wno-unnamed-type-template-args’
Linking C executable cmTC_b98c2
/usr/bin/cmake -E cmake_link_script CMakeFiles/cmTC_b98c2.dir/link.txt --verbose=1
/usr/bin/cc   -O3 -DNDEBUG    CMakeFiles/cmTC_b98c2.dir/src.c.o  -o cmTC_b98c2 
make[1]: 디렉터리 '/home/k8smaster/github/tools/yolov3/bash_scripts/build/CMakeFiles/CMakeTmp' 나감

===== END =====

Build output check failed:
    Regex: 'command[- ]line option .* is valid for .* but not for C'
    Output line: 'cc1: warning: command line option ‘-fvisibility-inlines-hidden’ is valid for C++/ObjC++ but not for C'
Compilation failed:
    source file: '/home/k8smaster/github/tools/yolov3/bash_scripts/build/CMakeFiles/CMakeTmp/src.c'
    check option: ' -fsigned-char -W -Wall -Werror=return-type -Werror=address -Werror=sequence-point -Wformat -Werror=format-security -Wmissing-declarations -Wmissing-prototypes -Wstrict-prototypes -Wundef -Winit-self -Wpointer-arith -Wshadow -Wuninitialized -Wno-comment -Wimplicit-fallthrough=3 -Wno-strict-overflow -fdiagnostics-show-option -Wno-long-long -pthread -fomit-frame-pointer -ffunction-sections -fdata-sections  -msse -msse2 -msse3 -fvisibility=hidden  -fvisibility-inlines-hidden'
===== BUILD LOG =====
Change Dir: /home/k8smaster/github/tools/yolov3/bash_scripts/build/CMakeFiles/CMakeTmp

Run Build Command:"/usr/bin/make" "cmTC_e3466/fast"
/usr/bin/make -f CMakeFiles/cmTC_e3466.dir/build.make CMakeFiles/cmTC_e3466.dir/build
make[1]: 디렉터리 '/home/k8smaster/github/tools/yolov3/bash_scripts/build/CMakeFiles/CMakeTmp' 들어감
Building C object CMakeFiles/cmTC_e3466.dir/src.c.o
/usr/bin/cc   -O3 -DNDEBUG -fPIE   -fsigned-char -W -Wall -Werror=return-type -Werror=address -Werror=sequence-point -Wformat -Werror=format-security -Wmissing-declarations -Wmissing-prototypes -Wstrict-prototypes -Wundef -Winit-self -Wpointer-arith -Wshadow -Wuninitialized -Wno-comment -Wimplicit-fallthrough=3 -Wno-strict-overflow -fdiagnostics-show-option -Wno-long-long -pthread -fomit-frame-pointer -ffunction-sections -fdata-sections -msse -msse2 -msse3 -fvisibility=hidden -fvisibility-inlines-hidden -o CMakeFiles/cmTC_e3466.dir/src.c.o   -c /home/k8smaster/github/tools/yolov3/bash_scripts/build/CMakeFiles/CMakeTmp/src.c
cc1: warning: command line option ‘-fvisibility-inlines-hidden’ is valid for C++/ObjC++ but not for C
/home/k8smaster/github/tools/yolov3/bash_scripts/build/CMakeFiles/CMakeTmp/src.c:1:0: warning: ignoring #pragma   [-Wunknown-pragmas]
 #pragma
 
Linking C executable cmTC_e3466
/usr/bin/cmake -E cmake_link_script CMakeFiles/cmTC_e3466.dir/link.txt --verbose=1
/usr/bin/cc   -O3 -DNDEBUG    CMakeFiles/cmTC_e3466.dir/src.c.o  -o cmTC_e3466 
make[1]: 디렉터리 '/home/k8smaster/github/tools/yolov3/bash_scripts/build/CMakeFiles/CMakeTmp' 나감

===== END =====

Build output check failed:
    Regex: 'command[- ]line option .* is valid for .* but not for C\+\+'
    Output line: 'cc1plus: warning: command line option ‘-Wno-missing-prototypes’ is valid for C/ObjC but not for C++'
Compilation failed:
    source file: '/home/k8smaster/github/tools/yolov3/bash_scripts/build/CMakeFiles/CMakeTmp/src.cxx'
    check option: ' -Wno-missing-prototypes'
===== BUILD LOG =====
Change Dir: /home/k8smaster/github/tools/yolov3/bash_scripts/build/CMakeFiles/CMakeTmp

Run Build Command:"/usr/bin/make" "cmTC_a867d/fast"
/usr/bin/make -f CMakeFiles/cmTC_a867d.dir/build.make CMakeFiles/cmTC_a867d.dir/build
make[1]: 디렉터리 '/home/k8smaster/github/tools/yolov3/bash_scripts/build/CMakeFiles/CMakeTmp' 들어감
Building CXX object CMakeFiles/cmTC_a867d.dir/src.cxx.o
/usr/bin/c++    -fsigned-char -W -Wall -Werror=return-type -Werror=non-virtual-dtor -Werror=address -Werror=sequence-point -Wformat -Werror=format-security -Wmissing-declarations -Wundef -Winit-self -Wpointer-arith -Wshadow -Wsign-promo -Wuninitialized -Wsuggest-override -Wno-delete-non-virtual-dtor -Wno-comment -Wimplicit-fallthrough=3 -Wno-strict-overflow -fdiagnostics-show-option -Wno-long-long -pthread -fomit-frame-pointer -ffunction-sections -fdata-sections  -msse -msse2 -msse3 -fvisibility=hidden -fvisibility-inlines-hidden -Wno-deprecated  -O3 -DNDEBUG  -DNDEBUG -fPIE   -Wno-missing-prototypes -std=c++11 -o CMakeFiles/cmTC_a867d.dir/src.cxx.o -c /home/k8smaster/github/tools/yolov3/bash_scripts/build/CMakeFiles/CMakeTmp/src.cxx
cc1plus: warning: command line option ‘-Wno-missing-prototypes’ is valid for C/ObjC but not for C++
/home/k8smaster/github/tools/yolov3/bash_scripts/build/CMakeFiles/CMakeTmp/src.cxx:1:0: warning: ignoring #pragma   [-Wunknown-pragmas]
 #pragma
 
Linking CXX executable cmTC_a867d
/usr/bin/cmake -E cmake_link_script CMakeFiles/cmTC_a867d.dir/link.txt --verbose=1
/usr/bin/c++     -fsigned-char -W -Wall -Werror=return-type -Werror=non-virtual-dtor -Werror=address -Werror=sequence-point -Wformat -Werror=format-security -Wmissing-declarations -Wundef -Winit-self -Wpointer-arith -Wshadow -Wsign-promo -Wuninitialized -Wsuggest-override -Wno-delete-non-virtual-dtor -Wno-comment -Wimplicit-fallthrough=3 -Wno-strict-overflow -fdiagnostics-show-option -Wno-long-long -pthread -fomit-frame-pointer -ffunction-sections -fdata-sections  -msse -msse2 -msse3 -fvisibility=hidden -fvisibility-inlines-hidden -Wno-deprecated  -O3 -DNDEBUG  -DNDEBUG    -Wl,--gc-sections -Wl,--as-needed  CMakeFiles/cmTC_a867d.dir/src.cxx.o  -o cmTC_a867d 
make[1]: 디렉터리 '/home/k8smaster/github/tools/yolov3/bash_scripts/build/CMakeFiles/CMakeTmp' 나감

===== END =====

Build output check failed:
    Regex: 'unrecognized .*option'
    Output line: 'cc1plus: warning: unrecognized command line option ‘-Wno-tautological-undefined-compare’'
Compilation failed:
    source file: '/home/k8smaster/github/tools/yolov3/bash_scripts/build/CMakeFiles/CMakeTmp/src.cxx'
    check option: ' -Wno-tautological-undefined-compare'
===== BUILD LOG =====
Change Dir: /home/k8smaster/github/tools/yolov3/bash_scripts/build/CMakeFiles/CMakeTmp

Run Build Command:"/usr/bin/make" "cmTC_9a6b3/fast"
/usr/bin/make -f CMakeFiles/cmTC_9a6b3.dir/build.make CMakeFiles/cmTC_9a6b3.dir/build
make[1]: 디렉터리 '/home/k8smaster/github/tools/yolov3/bash_scripts/build/CMakeFiles/CMakeTmp' 들어감
Building CXX object CMakeFiles/cmTC_9a6b3.dir/src.cxx.o
/usr/bin/c++    -fsigned-char -W -Wall -Werror=return-type -Werror=non-virtual-dtor -Werror=address -Werror=sequence-point -Wformat -Werror=format-security -Winit-self -Wpointer-arith -Wuninitialized -Wsuggest-override -Wno-delete-non-virtual-dtor -Wno-comment -Wimplicit-fallthrough=3 -Wno-strict-overflow -fdiagnostics-show-option -Wno-long-long -pthread -fomit-frame-pointer -ffunction-sections -fdata-sections  -msse -msse2 -msse3 -fvisibility=hidden -fvisibility-inlines-hidden -Wno-deprecated -Wno-missing-declarations -Wno-shadow -Wno-unused-parameter -Wno-unused-local-typedefs -Wno-sign-compare -Wno-sign-promo -Wno-undef  -O3 -DNDEBUG  -DNDEBUG -fPIE   -Wno-tautological-undefined-compare -std=c++11 -o CMakeFiles/cmTC_9a6b3.dir/src.cxx.o -c /home/k8smaster/github/tools/yolov3/bash_scripts/build/CMakeFiles/CMakeTmp/src.cxx
/home/k8smaster/github/tools/yolov3/bash_scripts/build/CMakeFiles/CMakeTmp/src.cxx:1:0: warning: ignoring #pragma   [-Wunknown-pragmas]
 #pragma
 
cc1plus: warning: unrecognized command line option ‘-Wno-tautological-undefined-compare’
Linking CXX executable cmTC_9a6b3
/usr/bin/cmake -E cmake_link_script CMakeFiles/cmTC_9a6b3.dir/link.txt --verbose=1
/usr/bin/c++     -fsigned-char -W -Wall -Werror=return-type -Werror=non-virtual-dtor -Werror=address -Werror=sequence-point -Wformat -Werror=format-security -Winit-self -Wpointer-arith -Wuninitialized -Wsuggest-override -Wno-delete-non-virtual-dtor -Wno-comment -Wimplicit-fallthrough=3 -Wno-strict-overflow -fdiagnostics-show-option -Wno-long-long -pthread -fomit-frame-pointer -ffunction-sections -fdata-sections  -msse -msse2 -msse3 -fvisibility=hidden -fvisibility-inlines-hidden -Wno-deprecated -Wno-missing-declarations -Wno-shadow -Wno-unused-parameter -Wno-unused-local-typedefs -Wno-sign-compare -Wno-sign-promo -Wno-undef  -O3 -DNDEBUG  -DNDEBUG    -Wl,--gc-sections -Wl,--as-needed  CMakeFiles/cmTC_9a6b3.dir/src.cxx.o  -o cmTC_9a6b3 
make[1]: 디렉터리 '/home/k8smaster/github/tools/yolov3/bash_scripts/build/CMakeFiles/CMakeTmp' 나감

===== END =====

Build output check failed:
    Regex: 'unrecognized .*option'
    Output line: 'cc1plus: warning: unrecognized command line option ‘-Wno-shorten-64-to-32’'
Compilation failed:
    source file: '/home/k8smaster/github/tools/yolov3/bash_scripts/build/CMakeFiles/CMakeTmp/src.cxx'
    check option: ' -Wno-shorten-64-to-32'
===== BUILD LOG =====
Change Dir: /home/k8smaster/github/tools/yolov3/bash_scripts/build/CMakeFiles/CMakeTmp

Run Build Command:"/usr/bin/make" "cmTC_69416/fast"
/usr/bin/make -f CMakeFiles/cmTC_69416.dir/build.make CMakeFiles/cmTC_69416.dir/build
make[1]: 디렉터리 '/home/k8smaster/github/tools/yolov3/bash_scripts/build/CMakeFiles/CMakeTmp' 들어감
Building CXX object CMakeFiles/cmTC_69416.dir/src.cxx.o
/usr/bin/c++    -fsigned-char -W -Wall -Werror=return-type -Werror=non-virtual-dtor -Werror=address -Werror=sequence-point -Wformat -Werror=format-security -Winit-self -Wpointer-arith -Wuninitialized -Wsuggest-override -Wno-delete-non-virtual-dtor -Wno-comment -Wimplicit-fallthrough=3 -Wno-strict-overflow -fdiagnostics-show-option -Wno-long-long -pthread -fomit-frame-pointer -ffunction-sections -fdata-sections  -msse -msse2 -msse3 -fvisibility=hidden -fvisibility-inlines-hidden -Wno-deprecated -Wno-missing-declarations -Wno-shadow -Wno-unused-parameter -Wno-unused-local-typedefs -Wno-sign-compare -Wno-sign-promo -Wno-undef -Wno-ignored-qualifiers -Wno-extra -Wno-unused-function -Wno-unused-const-variable  -O3 -DNDEBUG  -DNDEBUG -fPIE   -Wno-shorten-64-to-32 -std=c++11 -o CMakeFiles/cmTC_69416.dir/src.cxx.o -c /home/k8smaster/github/tools/yolov3/bash_scripts/build/CMakeFiles/CMakeTmp/src.cxx
/home/k8smaster/github/tools/yolov3/bash_scripts/build/CMakeFiles/CMakeTmp/src.cxx:1:0: warning: ignoring #pragma   [-Wunknown-pragmas]
 #pragma
 
cc1plus: warning: unrecognized command line option ‘-Wno-shorten-64-to-32’
Linking CXX executable cmTC_69416
/usr/bin/cmake -E cmake_link_script CMakeFiles/cmTC_69416.dir/link.txt --verbose=1
/usr/bin/c++     -fsigned-char -W -Wall -Werror=return-type -Werror=non-virtual-dtor -Werror=address -Werror=sequence-point -Wformat -Werror=format-security -Winit-self -Wpointer-arith -Wuninitialized -Wsuggest-override -Wno-delete-non-virtual-dtor -Wno-comment -Wimplicit-fallthrough=3 -Wno-strict-overflow -fdiagnostics-show-option -Wno-long-long -pthread -fomit-frame-pointer -ffunction-sections -fdata-sections  -msse -msse2 -msse3 -fvisibility=hidden -fvisibility-inlines-hidden -Wno-deprecated -Wno-missing-declarations -Wno-shadow -Wno-unused-parameter -Wno-unused-local-typedefs -Wno-sign-compare -Wno-sign-promo -Wno-undef -Wno-ignored-qualifiers -Wno-extra -Wno-unused-function -Wno-unused-const-variable  -O3 -DNDEBUG  -DNDEBUG    -Wl,--gc-sections -Wl,--as-needed  CMakeFiles/cmTC_69416.dir/src.cxx.o  -o cmTC_69416 
make[1]: 디렉터리 '/home/k8smaster/github/tools/yolov3/bash_scripts/build/CMakeFiles/CMakeTmp' 나감

===== END =====

Build output check failed:
    Regex: 'unrecognized .*option'
    Output line: 'cc1plus: warning: unrecognized command line option ‘-Wno-enum-compare-switch’'
Compilation failed:
    source file: '/home/k8smaster/github/tools/yolov3/bash_scripts/build/CMakeFiles/CMakeTmp/src.cxx'
    check option: ' -Wno-enum-compare-switch'
===== BUILD LOG =====
Change Dir: /home/k8smaster/github/tools/yolov3/bash_scripts/build/CMakeFiles/CMakeTmp

Run Build Command:"/usr/bin/make" "cmTC_a71b2/fast"
/usr/bin/make -f CMakeFiles/cmTC_a71b2.dir/build.make CMakeFiles/cmTC_a71b2.dir/build
make[1]: 디렉터리 '/home/k8smaster/github/tools/yolov3/bash_scripts/build/CMakeFiles/CMakeTmp' 들어감
Building CXX object CMakeFiles/cmTC_a71b2.dir/src.cxx.o
/usr/bin/c++    -fsigned-char -W -Wall -Werror=return-type -Werror=non-virtual-dtor -Werror=address -Werror=sequence-point -Wformat -Werror=format-security -Winit-self -Wpointer-arith -Wuninitialized -Wsuggest-override -Wno-delete-non-virtual-dtor -Wno-comment -Wimplicit-fallthrough=3 -Wno-strict-overflow -fdiagnostics-show-option -Wno-long-long -pthread -fomit-frame-pointer -ffunction-sections -fdata-sections  -msse -msse2 -msse3 -fvisibility=hidden -fvisibility-inlines-hidden -Wno-deprecated -Wno-missing-declarations -Wno-shadow -Wno-unused-parameter -Wno-unused-local-typedefs -Wno-sign-compare -Wno-sign-promo -Wno-undef -Wno-ignored-qualifiers -Wno-extra -Wno-unused-function -Wno-unused-const-variable -Wno-invalid-offsetof  -O3 -DNDEBUG  -DNDEBUG -fPIE   -Wno-enum-compare-switch -std=c++11 -o CMakeFiles/cmTC_a71b2.dir/src.cxx.o -c /home/k8smaster/github/tools/yolov3/bash_scripts/build/CMakeFiles/CMakeTmp/src.cxx
/home/k8smaster/github/tools/yolov3/bash_scripts/build/CMakeFiles/CMakeTmp/src.cxx:1:0: warning: ignoring #pragma   [-Wunknown-pragmas]
 #pragma
 
cc1plus: warning: unrecognized command line option ‘-Wno-enum-compare-switch’
Linking CXX executable cmTC_a71b2
/usr/bin/cmake -E cmake_link_script CMakeFiles/cmTC_a71b2.dir/link.txt --verbose=1
/usr/bin/c++     -fsigned-char -W -Wall -Werror=return-type -Werror=non-virtual-dtor -Werror=address -Werror=sequence-point -Wformat -Werror=format-security -Winit-self -Wpointer-arith -Wuninitialized -Wsuggest-override -Wno-delete-non-virtual-dtor -Wno-comment -Wimplicit-fallthrough=3 -Wno-strict-overflow -fdiagnostics-show-option -Wno-long-long -pthread -fomit-frame-pointer -ffunction-sections -fdata-sections  -msse -msse2 -msse3 -fvisibility=hidden -fvisibility-inlines-hidden -Wno-deprecated -Wno-missing-declarations -Wno-shadow -Wno-unused-parameter -Wno-unused-local-typedefs -Wno-sign-compare -Wno-sign-promo -Wno-undef -Wno-ignored-qualifiers -Wno-extra -Wno-unused-function -Wno-unused-const-variable -Wno-invalid-offsetof  -O3 -DNDEBUG  -DNDEBUG    -Wl,--gc-sections -Wl,--as-needed  CMakeFiles/cmTC_a71b2.dir/src.cxx.o  -o cmTC_a71b2 
make[1]: 디렉터리 '/home/k8smaster/github/tools/yolov3/bash_scripts/build/CMakeFiles/CMakeTmp' 나감

===== END =====

Build output check failed:
    Regex: 'unrecognized .*option'
    Output line: 'cc1plus: warning: unrecognized command line option ‘-Wno-inconsistent-missing-override’'
Compilation failed:
    source file: '/home/k8smaster/github/tools/yolov3/bash_scripts/build/CMakeFiles/CMakeTmp/src.cxx'
    check option: ' -Wno-inconsistent-missing-override'
===== BUILD LOG =====
Change Dir: /home/k8smaster/github/tools/yolov3/bash_scripts/build/CMakeFiles/CMakeTmp

Run Build Command:"/usr/bin/make" "cmTC_a05e4/fast"
/usr/bin/make -f CMakeFiles/cmTC_a05e4.dir/build.make CMakeFiles/cmTC_a05e4.dir/build
make[1]: 디렉터리 '/home/k8smaster/github/tools/yolov3/bash_scripts/build/CMakeFiles/CMakeTmp' 들어감
Building CXX object CMakeFiles/cmTC_a05e4.dir/src.cxx.o
/usr/bin/c++    -fsigned-char -W -Wall -Werror=return-type -Werror=non-virtual-dtor -Werror=address -Werror=sequence-point -Wformat -Werror=format-security -Winit-self -Wpointer-arith -Wuninitialized -Wno-delete-non-virtual-dtor -Wno-comment -Wimplicit-fallthrough=3 -Wno-strict-overflow -fdiagnostics-show-option -Wno-long-long -pthread -fomit-frame-pointer -ffunction-sections -fdata-sections  -msse -msse2 -msse3 -fvisibility=hidden -fvisibility-inlines-hidden -Wno-deprecated -Wno-missing-declarations -Wno-shadow -Wno-unused-parameter -Wno-unused-local-typedefs -Wno-sign-compare -Wno-sign-promo -Wno-undef -Wno-ignored-qualifiers -Wno-extra -Wno-unused-function -Wno-unused-const-variable -Wno-invalid-offsetof -Wno-suggest-override  -O3 -DNDEBUG  -DNDEBUG -fPIE   -Wno-inconsistent-missing-override -std=c++11 -o CMakeFiles/cmTC_a05e4.dir/src.cxx.o -c /home/k8smaster/github/tools/yolov3/bash_scripts/build/CMakeFiles/CMakeTmp/src.cxx
/home/k8smaster/github/tools/yolov3/bash_scripts/build/CMakeFiles/CMakeTmp/src.cxx:1:0: warning: ignoring #pragma   [-Wunknown-pragmas]
 #pragma
 
cc1plus: warning: unrecognized command line option ‘-Wno-inconsistent-missing-override’
Linking CXX executable cmTC_a05e4
/usr/bin/cmake -E cmake_link_script CMakeFiles/cmTC_a05e4.dir/link.txt --verbose=1
/usr/bin/c++     -fsigned-char -W -Wall -Werror=return-type -Werror=non-virtual-dtor -Werror=address -Werror=sequence-point -Wformat -Werror=format-security -Winit-self -Wpointer-arith -Wuninitialized -Wno-delete-non-virtual-dtor -Wno-comment -Wimplicit-fallthrough=3 -Wno-strict-overflow -fdiagnostics-show-option -Wno-long-long -pthread -fomit-frame-pointer -ffunction-sections -fdata-sections  -msse -msse2 -msse3 -fvisibility=hidden -fvisibility-inlines-hidden -Wno-deprecated -Wno-missing-declarations -Wno-shadow -Wno-unused-parameter -Wno-unused-local-typedefs -Wno-sign-compare -Wno-sign-promo -Wno-undef -Wno-ignored-qualifiers -Wno-extra -Wno-unused-function -Wno-unused-const-variable -Wno-invalid-offsetof -Wno-suggest-override  -O3 -DNDEBUG  -DNDEBUG    -Wl,--gc-sections -Wl,--as-needed  CMakeFiles/cmTC_a05e4.dir/src.cxx.o  -o cmTC_a05e4 
make[1]: 디렉터리 '/home/k8smaster/github/tools/yolov3/bash_scripts/build/CMakeFiles/CMakeTmp' 나감

===== END =====

Determining if the include file sys/videoio.h exists failed with the following output:
Change Dir: /home/k8smaster/github/tools/yolov3/bash_scripts/build/CMakeFiles/CMakeTmp

Run Build Command:"/usr/bin/make" "cmTC_d67d7/fast"
/usr/bin/make -f CMakeFiles/cmTC_d67d7.dir/build.make CMakeFiles/cmTC_d67d7.dir/build
make[1]: 디렉터리 '/home/k8smaster/github/tools/yolov3/bash_scripts/build/CMakeFiles/CMakeTmp' 들어감
Building C object CMakeFiles/cmTC_d67d7.dir/CheckIncludeFile.c.o
/usr/bin/cc   -fsigned-char -W -Wall -Werror=return-type -Werror=address -Werror=sequence-point -Wformat -Werror=format-security -Wmissing-declarations -Wmissing-prototypes -Wstrict-prototypes -Wundef -Winit-self -Wpointer-arith -Wshadow -Wuninitialized -Wno-comment -Wimplicit-fallthrough=3 -Wno-strict-overflow -fdiagnostics-show-option -Wno-long-long -pthread -fomit-frame-pointer -ffunction-sections -fdata-sections  -msse -msse2 -msse3 -fvisibility=hidden  -O3 -DNDEBUG  -DNDEBUG -fPIE   -o CMakeFiles/cmTC_d67d7.dir/CheckIncludeFile.c.o   -c /home/k8smaster/github/tools/yolov3/bash_scripts/build/CMakeFiles/CMakeTmp/CheckIncludeFile.c
/home/k8smaster/github/tools/yolov3/bash_scripts/build/CMakeFiles/CMakeTmp/CheckIncludeFile.c:1:10: fatal error: sys/videoio.h: 그런 파일이나 디렉터리가 없습니다
 #include <sys/videoio.h>
          ^~~~~~~~~~~~~~~
compilation terminated.
CMakeFiles/cmTC_d67d7.dir/build.make:65: recipe for target 'CMakeFiles/cmTC_d67d7.dir/CheckIncludeFile.c.o' failed
make[1]: *** [CMakeFiles/cmTC_d67d7.dir/CheckIncludeFile.c.o] Error 1
make[1]: 디렉터리 '/home/k8smaster/github/tools/yolov3/bash_scripts/build/CMakeFiles/CMakeTmp' 나감
Makefile:126: recipe for target 'cmTC_d67d7/fast' failed
make: *** [cmTC_d67d7/fast] Error 2


Build output check failed:
    Regex: 'unrecognized .*option'
    Output line: 'cc1plus: warning: unrecognized command line option ‘-Wno-unused-private-field’'
Compilation failed:
    source file: '/home/k8smaster/github/tools/yolov3/bash_scripts/build/CMakeFiles/CMakeTmp/src.cxx'
    check option: ' -Wno-unused-private-field'
===== BUILD LOG =====
Change Dir: /home/k8smaster/github/tools/yolov3/bash_scripts/build/CMakeFiles/CMakeTmp

Run Build Command:"/usr/bin/make" "cmTC_aefc4/fast"
/usr/bin/make -f CMakeFiles/cmTC_aefc4.dir/build.make CMakeFiles/cmTC_aefc4.dir/build
make[1]: 디렉터리 '/home/k8smaster/github/tools/yolov3/bash_scripts/build/CMakeFiles/CMakeTmp' 들어감
Building CXX object CMakeFiles/cmTC_aefc4.dir/src.cxx.o
/usr/bin/c++    -fsigned-char -W -Wall -Werror=return-type -Werror=non-virtual-dtor -Werror=address -Werror=sequence-point -Wformat -Werror=format-security -Wmissing-declarations -Wundef -Winit-self -Wpointer-arith -Wshadow -Wsign-promo -Wuninitialized -Wsuggest-override -Wno-delete-non-virtual-dtor -Wno-comment -Wimplicit-fallthrough=3 -Wno-strict-overflow -fdiagnostics-show-option -Wno-long-long -pthread -fomit-frame-pointer -ffunction-sections -fdata-sections  -msse -msse2 -msse3 -fvisibility=hidden -fvisibility-inlines-hidden -Wno-unused-function -Wno-deprecated-declarations -Wno-overloaded-virtual  -O3 -DNDEBUG  -DNDEBUG -fPIE   -Wno-unused-private-field -std=c++11 -o CMakeFiles/cmTC_aefc4.dir/src.cxx.o -c /home/k8smaster/github/tools/yolov3/bash_scripts/build/CMakeFiles/CMakeTmp/src.cxx
/home/k8smaster/github/tools/yolov3/bash_scripts/build/CMakeFiles/CMakeTmp/src.cxx:1:0: warning: ignoring #pragma   [-Wunknown-pragmas]
 #pragma
 
cc1plus: warning: unrecognized command line option ‘-Wno-unused-private-field’
Linking CXX executable cmTC_aefc4
/usr/bin/cmake -E cmake_link_script CMakeFiles/cmTC_aefc4.dir/link.txt --verbose=1
/usr/bin/c++     -fsigned-char -W -Wall -Werror=return-type -Werror=non-virtual-dtor -Werror=address -Werror=sequence-point -Wformat -Werror=format-security -Wmissing-declarations -Wundef -Winit-self -Wpointer-arith -Wshadow -Wsign-promo -Wuninitialized -Wsuggest-override -Wno-delete-non-virtual-dtor -Wno-comment -Wimplicit-fallthrough=3 -Wno-strict-overflow -fdiagnostics-show-option -Wno-long-long -pthread -fomit-frame-pointer -ffunction-sections -fdata-sections  -msse -msse2 -msse3 -fvisibility=hidden -fvisibility-inlines-hidden -Wno-unused-function -Wno-deprecated-declarations -Wno-overloaded-virtual  -O3 -DNDEBUG  -DNDEBUG    -Wl,--gc-sections -Wl,--as-needed  CMakeFiles/cmTC_aefc4.dir/src.cxx.o  -o cmTC_aefc4 
make[1]: 디렉터리 '/home/k8smaster/github/tools/yolov3/bash_scripts/build/CMakeFiles/CMakeTmp' 나감

===== END =====

